{"/Users/petrborak/Documents/projects/functors/src/createCompose/createCompose.test.ts":{"path":"/Users/petrborak/Documents/projects/functors/src/createCompose/createCompose.test.ts","statementMap":{"0":{"start":{"line":2,"column":0},"end":{"line":2,"column":62}},"1":{"start":{"line":3,"column":13},"end":{"line":3,"column":28}},"2":{"start":{"line":4,"column":14},"end":{"line":4,"column":32}},"3":{"start":{"line":5,"column":0},"end":{"line":9,"column":3}},"4":{"start":{"line":6,"column":4},"end":{"line":8,"column":7}},"5":{"start":{"line":7,"column":8},"end":{"line":7,"column":108}}},"fnMap":{"0":{"name":"(anonymous_0)","decl":{"start":{"line":5,"column":34},"end":{"line":5,"column":35}},"loc":{"start":{"line":5,"column":46},"end":{"line":9,"column":1}},"line":5},"1":{"name":"(anonymous_1)","decl":{"start":{"line":6,"column":40},"end":{"line":6,"column":41}},"loc":{"start":{"line":6,"column":52},"end":{"line":8,"column":5}},"line":6}},"branchMap":{},"s":{"0":1,"1":1,"2":1,"3":1,"4":1,"5":1},"f":{"0":1,"1":1},"b":{},"inputSourceMap":{"version":3,"file":"/Users/petrborak/Documents/projects/functors/src/createCompose/createCompose.test.ts","sources":["/Users/petrborak/Documents/projects/functors/src/createCompose/createCompose.test.ts"],"names":[],"mappings":";;AAAA,6BAA8B;AAC9B,iCAAuC;AAEvC,QAAQ,CAAC,uBAAuB,EAAE;IAChC,EAAE,CAAC,+BAA+B,EAAE;QAClC,OAAO,aAAM,CAAC,OAAO,qBAAa,EAAE,uBAAuB,CAAC,CAAC,EAAE,CAAC,EAAE,CAAC,KAAK,CAAC,UAAU,CAAC,CAAC;IACvF,CAAC,CAAC,CAAC;AACL,CAAC,CAAC,CAAC","sourcesContent":["import { expect } from 'chai';\nimport { createCompose } from './index'\n\ndescribe('helpers/createCompose', function() {\n  it('callabsle shsould be imported', function() {\n    return expect(typeof createCompose, 'function was imported').to.be.equal('function');\n  });\n});\n"]},"_coverageSchema":"1a1c01bbd47fc00a2c39e90264f33305004495a9","hash":"4d2112c19f85791ef52a9b33cb456652cf420bf6","contentHash":"b344bbce2874d3dac1d95ad04c8a1a833432480b2e9d4065b226229a53fba9d1"},"/Users/petrborak/Documents/projects/functors/src/createCompose/index.js":{"path":"/Users/petrborak/Documents/projects/functors/src/createCompose/index.js","statementMap":{"0":{"start":{"line":2,"column":0},"end":{"line":2,"column":62}},"1":{"start":{"line":3,"column":14},"end":{"line":3,"column":41}},"2":{"start":{"line":4,"column":0},"end":{"line":24,"column":9}},"3":{"start":{"line":4,"column":56},"end":{"line":24,"column":5}},"4":{"start":{"line":6,"column":8},"end":{"line":6,"column":24}},"5":{"start":{"line":12,"column":4},"end":{"line":14,"column":6}},"6":{"start":{"line":13,"column":8},"end":{"line":13,"column":36}},"7":{"start":{"line":16,"column":4},"end":{"line":18,"column":6}},"8":{"start":{"line":17,"column":8},"end":{"line":17,"column":80}},"9":{"start":{"line":17,"column":58},"end":{"line":17,"column":75}},"10":{"start":{"line":20,"column":4},"end":{"line":22,"column":6}},"11":{"start":{"line":21,"column":8},"end":{"line":21,"column":34}},"12":{"start":{"line":23,"column":4},"end":{"line":23,"column":19}}},"fnMap":{"0":{"name":"(anonymous_0)","decl":{"start":{"line":4,"column":38},"end":{"line":4,"column":39}},"loc":{"start":{"line":4,"column":54},"end":{"line":24,"column":7}},"line":4},"1":{"name":"(anonymous_1)","decl":{"start":{"line":4,"column":78},"end":{"line":4,"column":79}},"loc":{"start":{"line":4,"column":90},"end":{"line":24,"column":1}},"line":4},"2":{"name":"Compose","decl":{"start":{"line":5,"column":13},"end":{"line":5,"column":20}},"loc":{"start":{"line":5,"column":24},"end":{"line":7,"column":5}},"line":5},"3":{"name":"(anonymous_3)","decl":{"start":{"line":12,"column":17},"end":{"line":12,"column":18}},"loc":{"start":{"line":12,"column":30},"end":{"line":14,"column":5}},"line":12},"4":{"name":"(anonymous_4)","decl":{"start":{"line":16,"column":28},"end":{"line":16,"column":29}},"loc":{"start":{"line":16,"column":42},"end":{"line":18,"column":5}},"line":16},"5":{"name":"(anonymous_5)","decl":{"start":{"line":17,"column":43},"end":{"line":17,"column":44}},"loc":{"start":{"line":17,"column":56},"end":{"line":17,"column":77}},"line":17},"6":{"name":"(anonymous_6)","decl":{"start":{"line":20,"column":27},"end":{"line":20,"column":28}},"loc":{"start":{"line":20,"column":40},"end":{"line":22,"column":5}},"line":20}},"branchMap":{},"s":{"0":1,"1":1,"2":1,"3":0,"4":0,"5":0,"6":0,"7":0,"8":0,"9":0,"10":0,"11":0,"12":0},"f":{"0":0,"1":0,"2":0,"3":0,"4":0,"5":0,"6":0},"b":{},"inputSourceMap":{"version":3,"file":"/Users/petrborak/Documents/projects/functors/src/createCompose/index.js","sources":["/Users/petrborak/Documents/projects/functors/src/createCompose/index.js"],"names":[],"mappings":";;AAAA,0CAAyC;AAE5B,QAAA,aAAa,GAAG,aAAK,CAAC,UAAC,CAAC,EAAE,CAAC,IAAK;IAC3C,iBAAY,CAAC;QACX,IAAI,CAAC,MAAM,GAAG,CAAC,CAAC;IAClB,CAAC;IAED,4BAA4B;IAC5B,+CAA+C;IAC/C,IAAI;IAEJ,8BAA8B;IACvB,UAAE,GAAT,UAAU,CAAC;QACT,OAAO,IAAI,OAAO,CAAC,CAAC,CAAC,CAAC,CAAC,CAAC,CAAC,CAAC,CAAC,CAAC;IAC9B,CAAC;IAED,8BAA8B;IAC9B,qBAAG,GAAH,UAAI,EAAE;QACJ,OAAO,IAAI,OAAO,CAAC,IAAI,CAAC,MAAM,CAAC,GAAG,CAAC,UAAA,CAAC,IAAI,OAAA,CAAC,CAAC,GAAG,CAAC,EAAE,CAAC,EAAT,CAAS,CAAC,CAAC,CAAC;IACtD,CAAC;IAED,kCAAkC;IAClC,oBAAE,GAAF,UAAG,CAAC;QACF,OAAO,CAAC,CAAC,GAAG,CAAC,IAAI,CAAC,MAAM,CAAC,CAAC;IAC5B,CAAC;IACH,cAAC;AAAD,CAAC,AAvB4C,KAAA,CAuB5C,CAAC,CAAC","sourcesContent":["import { curry } from '../helpers/curry';\n\nexport const createCompose = curry((F, G) => class Compose {\n  constructor(x) {\n    this.$value = x;\n  }\n  \n  // [util.inspect.custom]() {\n  //   return `Compose(${inspect(this.$value)})`;\n  // }\n  \n  // ----- Pointed (Compose F G)\n  static of(x) {\n    return new Compose(F(G(x)));\n  }\n  \n  // ----- Functor (Compose F G)\n  map(fn) {\n    return new Compose(this.$value.map(x => x.map(fn)));\n  }\n  \n  // ----- Applicative (Compose F G)\n  ap(f) {\n    return f.map(this.$value);\n  }\n});\n"]},"_coverageSchema":"1a1c01bbd47fc00a2c39e90264f33305004495a9","hash":"1c45fb59a00c48f73bea34aa05f904dc4362e40d","contentHash":"a03e1c24ba90fd88e33bc7012096bb7e007983fc802828d814d099b848aa0e44"},"/Users/petrborak/Documents/projects/functors/src/helpers/curry.js":{"path":"/Users/petrborak/Documents/projects/functors/src/helpers/curry.js","statementMap":{"0":{"start":{"line":2,"column":21},"end":{"line":8,"column":1}},"1":{"start":{"line":3,"column":4},"end":{"line":3,"column":88}},"2":{"start":{"line":3,"column":17},"end":{"line":3,"column":18}},"3":{"start":{"line":3,"column":24},"end":{"line":3,"column":25}},"4":{"start":{"line":3,"column":32},"end":{"line":3,"column":48}},"5":{"start":{"line":3,"column":63},"end":{"line":3,"column":88}},"6":{"start":{"line":4,"column":4},"end":{"line":6,"column":24}},"7":{"start":{"line":4,"column":17},"end":{"line":4,"column":25}},"8":{"start":{"line":4,"column":31},"end":{"line":4,"column":32}},"9":{"start":{"line":4,"column":38},"end":{"line":4,"column":39}},"10":{"start":{"line":5,"column":8},"end":{"line":6,"column":24}},"11":{"start":{"line":5,"column":21},"end":{"line":5,"column":33}},"12":{"start":{"line":5,"column":39},"end":{"line":5,"column":40}},"13":{"start":{"line":5,"column":47},"end":{"line":5,"column":55}},"14":{"start":{"line":6,"column":12},"end":{"line":6,"column":24}},"15":{"start":{"line":7,"column":4},"end":{"line":7,"column":13}},"16":{"start":{"line":9,"column":0},"end":{"line":9,"column":62}},"17":{"start":{"line":12,"column":16},"end":{"line":12,"column":25}},"18":{"start":{"line":13,"column":4},"end":{"line":22,"column":6}},"19":{"start":{"line":14,"column":19},"end":{"line":14,"column":21}},"20":{"start":{"line":15,"column":8},"end":{"line":17,"column":9}},"21":{"start":{"line":15,"column":22},"end":{"line":15,"column":23}},"22":{"start":{"line":16,"column":12},"end":{"line":16,"column":37}},"23":{"start":{"line":18,"column":8},"end":{"line":20,"column":9}},"24":{"start":{"line":19,"column":12},"end":{"line":19,"column":75}},"25":{"start":{"line":21,"column":8},"end":{"line":21,"column":63}},"26":{"start":{"line":24,"column":0},"end":{"line":24,"column":22}}},"fnMap":{"0":{"name":"(anonymous_0)","decl":{"start":{"line":2,"column":54},"end":{"line":2,"column":55}},"loc":{"start":{"line":2,"column":66},"end":{"line":8,"column":1}},"line":2},"1":{"name":"curry","decl":{"start":{"line":11,"column":9},"end":{"line":11,"column":14}},"loc":{"start":{"line":11,"column":19},"end":{"line":23,"column":1}},"line":11},"2":{"name":"$curry","decl":{"start":{"line":13,"column":20},"end":{"line":13,"column":26}},"loc":{"start":{"line":13,"column":29},"end":{"line":22,"column":5}},"line":13}},"branchMap":{"0":{"loc":{"start":{"line":2,"column":21},"end":{"line":8,"column":1}},"type":"binary-expr","locations":[{"start":{"line":2,"column":22},"end":{"line":2,"column":26}},{"start":{"line":2,"column":30},"end":{"line":2,"column":49}},{"start":{"line":2,"column":54},"end":{"line":8,"column":1}}],"line":2},"1":{"loc":{"start":{"line":18,"column":8},"end":{"line":20,"column":9}},"type":"if","locations":[{"start":{"line":18,"column":8},"end":{"line":20,"column":9}},{"start":{"line":18,"column":8},"end":{"line":20,"column":9}}],"line":18}},"s":{"0":1,"1":5,"2":5,"3":5,"4":5,"5":10,"6":5,"7":5,"8":5,"9":5,"10":10,"11":10,"12":10,"13":10,"14":12,"15":5,"16":1,"17":25,"18":25,"19":5,"20":5,"21":5,"22":7,"23":5,"24":3,"25":2,"26":1},"f":{"0":5,"1":25,"2":5},"b":{"0":[1,1,1],"1":[3,2]},"inputSourceMap":{"version":3,"file":"/Users/petrborak/Documents/projects/functors/src/helpers/curry.js","sources":["/Users/petrborak/Documents/projects/functors/src/helpers/curry.js"],"names":[],"mappings":";;;;;;;;;AAAA,oDAAoD;AACpD,SAAgB,KAAK,CAAC,EAAE;IACtB,IAAM,KAAK,GAAG,EAAE,CAAC,MAAM,CAAC;IAExB,OAAO,SAAS,MAAM;QAAC,cAAO;aAAP,UAAO,EAAP,qBAAO,EAAP,IAAO;YAAP,yBAAO;;QAC5B,IAAI,IAAI,CAAC,MAAM,GAAG,KAAK,EAAE;YACvB,OAAO,MAAM,CAAC,IAAI,OAAX,MAAM,kBAAM,IAAI,GAAK,IAAI,GAAE;SACnC;QAED,OAAO,EAAE,CAAC,IAAI,OAAP,EAAE,kBAAM,IAAI,GAAK,IAAI,GAAE;IAChC,CAAC,CAAC;AACJ,CAAC;AAVD,sBAUC","sourcesContent":["// curry :: ((a, b, ...) -> c) -> a -> b -> ... -> c\nexport function curry(fn) {\n  const arity = fn.length;\n  \n  return function $curry(...args) {\n    if (args.length < arity) {\n      return $curry.bind(null, ...args);\n    }\n    \n    return fn.call(null, ...args);\n  };\n}\n"]},"_coverageSchema":"1a1c01bbd47fc00a2c39e90264f33305004495a9","hash":"c20c9a964d4793612f8ef2677863cde2bcd19341","contentHash":"8ed1da4baba3be328a27b95cfdc896833a05fa66ef075f9ed12d85766cf08389"},"/Users/petrborak/Documents/projects/functors/src/Either/Either.test.ts":{"path":"/Users/petrborak/Documents/projects/functors/src/Either/Either.test.ts","statementMap":{"0":{"start":{"line":2,"column":0},"end":{"line":2,"column":62}},"1":{"start":{"line":3,"column":13},"end":{"line":3,"column":28}},"2":{"start":{"line":4,"column":14},"end":{"line":4,"column":32}},"3":{"start":{"line":5,"column":0},"end":{"line":9,"column":3}},"4":{"start":{"line":6,"column":4},"end":{"line":8,"column":7}},"5":{"start":{"line":7,"column":8},"end":{"line":7,"column":101}}},"fnMap":{"0":{"name":"(anonymous_0)","decl":{"start":{"line":5,"column":27},"end":{"line":5,"column":28}},"loc":{"start":{"line":5,"column":39},"end":{"line":9,"column":1}},"line":5},"1":{"name":"(anonymous_1)","decl":{"start":{"line":6,"column":40},"end":{"line":6,"column":41}},"loc":{"start":{"line":6,"column":52},"end":{"line":8,"column":5}},"line":6}},"branchMap":{},"s":{"0":1,"1":1,"2":1,"3":1,"4":1,"5":1},"f":{"0":1,"1":1},"b":{},"inputSourceMap":{"version":3,"file":"/Users/petrborak/Documents/projects/functors/src/Either/Either.test.ts","sources":["/Users/petrborak/Documents/projects/functors/src/Either/Either.test.ts"],"names":[],"mappings":";;AAAA,6BAA8B;AAC9B,iCAAgC;AAEhC,QAAQ,CAAC,gBAAgB,EAAE;IACzB,EAAE,CAAC,+BAA+B,EAAE;QAClC,OAAO,aAAM,CAAC,OAAO,cAAM,EAAE,uBAAuB,CAAC,CAAC,EAAE,CAAC,EAAE,CAAC,KAAK,CAAC,UAAU,CAAC,CAAC;IAChF,CAAC,CAAC,CAAC;AACL,CAAC,CAAC,CAAC","sourcesContent":["import { expect } from 'chai';\nimport { Either } from './index'\n\ndescribe('helpers/Either', function() {\n  it('callabsle shsould be imported', function() {\n    return expect(typeof Either, 'function was imported').to.be.equal('function');\n  });\n});\n"]},"_coverageSchema":"1a1c01bbd47fc00a2c39e90264f33305004495a9","hash":"5356ce31ca9f638f44e67bcf1f8766ab6009d7bb","contentHash":"f282553cf6ced8cc3da70b93218d16e6206e6caefdc4d8fe3b7a36f23f7447c9"},"/Users/petrborak/Documents/projects/functors/src/Either/index.js":{"path":"/Users/petrborak/Documents/projects/functors/src/Either/index.js","statementMap":{"0":{"start":{"line":2,"column":0},"end":{"line":2,"column":62}},"1":{"start":{"line":3,"column":10},"end":{"line":3,"column":27}},"2":{"start":{"line":4,"column":28},"end":{"line":13,"column":3}},"3":{"start":{"line":6,"column":8},"end":{"line":6,"column":24}},"4":{"start":{"line":9,"column":4},"end":{"line":11,"column":6}},"5":{"start":{"line":10,"column":8},"end":{"line":10,"column":32}},"6":{"start":{"line":12,"column":4},"end":{"line":12,"column":18}},"7":{"start":{"line":14,"column":0},"end":{"line":14,"column":24}}},"fnMap":{"0":{"name":"(anonymous_0)","decl":{"start":{"line":4,"column":28},"end":{"line":4,"column":29}},"loc":{"start":{"line":4,"column":40},"end":{"line":13,"column":1}},"line":4},"1":{"name":"Either","decl":{"start":{"line":5,"column":13},"end":{"line":5,"column":19}},"loc":{"start":{"line":5,"column":23},"end":{"line":7,"column":5}},"line":5},"2":{"name":"(anonymous_2)","decl":{"start":{"line":9,"column":16},"end":{"line":9,"column":17}},"loc":{"start":{"line":9,"column":29},"end":{"line":11,"column":5}},"line":9}},"branchMap":{},"s":{"0":1,"1":1,"2":1,"3":0,"4":1,"5":0,"6":1,"7":1},"f":{"0":1,"1":0,"2":0},"b":{},"inputSourceMap":{"version":3,"file":"/Users/petrborak/Documents/projects/functors/src/Either/index.js","sources":["/Users/petrborak/Documents/projects/functors/src/Either/index.js"],"names":[],"mappings":";;AAAA,4BAA+B;AAE/B;IACE,gBAAY,CAAC;QACX,IAAI,CAAC,MAAM,GAAG,CAAC,CAAC;IAClB,CAAC;IAED,2BAA2B;IACpB,SAAE,GAAT,UAAU,CAAC;QACT,OAAO,IAAI,SAAK,CAAC,CAAC,CAAC,CAAC;IACtB,CAAC;IACH,aAAC;AAAD,CAAC,AATD,IASC;AATY,wBAAM","sourcesContent":["import { Right } from '../../';\n\nexport class Either {\n  constructor(x) {\n    this.$value = x;\n  }\n  \n  // ----- Pointed (Either a)\n  static of(x) {\n    return new Right(x);\n  }\n}\n"]},"_coverageSchema":"1a1c01bbd47fc00a2c39e90264f33305004495a9","hash":"e50652ae642e69f71fbcc5f7a438d3bd05b03f86","contentHash":"62bfd936803605b16a5ba459b783a9af9ad808a011e046e93a58889f0b6103f1"},"/Users/petrborak/Documents/projects/functors/index.js":{"path":"/Users/petrborak/Documents/projects/functors/index.js","statementMap":{"0":{"start":{"line":3,"column":4},"end":{"line":3,"column":71}},"1":{"start":{"line":3,"column":21},"end":{"line":3,"column":71}},"2":{"start":{"line":3,"column":53},"end":{"line":3,"column":71}},"3":{"start":{"line":5,"column":0},"end":{"line":5,"column":62}},"4":{"start":{"line":7,"column":0},"end":{"line":7,"column":35}},"5":{"start":{"line":9,"column":0},"end":{"line":9,"column":36}},"6":{"start":{"line":10,"column":0},"end":{"line":10,"column":38}},"7":{"start":{"line":11,"column":0},"end":{"line":11,"column":42}},"8":{"start":{"line":12,"column":0},"end":{"line":12,"column":39}},"9":{"start":{"line":13,"column":0},"end":{"line":13,"column":38}},"10":{"start":{"line":14,"column":0},"end":{"line":14,"column":40}},"11":{"start":{"line":15,"column":0},"end":{"line":15,"column":47}},"12":{"start":{"line":16,"column":0},"end":{"line":16,"column":37}},"13":{"start":{"line":17,"column":0},"end":{"line":17,"column":39}}},"fnMap":{"0":{"name":"__export","decl":{"start":{"line":2,"column":9},"end":{"line":2,"column":17}},"loc":{"start":{"line":2,"column":21},"end":{"line":4,"column":1}},"line":2}},"branchMap":{"0":{"loc":{"start":{"line":3,"column":21},"end":{"line":3,"column":71}},"type":"if","locations":[{"start":{"line":3,"column":21},"end":{"line":3,"column":71}},{"start":{"line":3,"column":21},"end":{"line":3,"column":71}}],"line":3}},"s":{"0":10,"1":49,"2":49,"3":1,"4":1,"5":1,"6":1,"7":1,"8":1,"9":1,"10":1,"11":1,"12":1,"13":1},"f":{"0":10},"b":{"0":[49,0]},"inputSourceMap":{"version":3,"file":"/Users/petrborak/Documents/projects/functors/index.js","sources":["/Users/petrborak/Documents/projects/functors/index.js"],"names":[],"mappings":";;;;;AAAA,SAAS;AACT,mCAA8B;AAE9B,UAAU;AACV,oCAA+B;AAC/B,sCAAiC;AACjC,0CAAqC;AACrC,uCAAkC;AAClC,sCAAiC;AACjC,wCAAmC;AACnC,+CAA0C;AAC1C,qCAAgC;AAChC,uCAAkC","sourcesContent":["//helpers\nexport * from './src/helpers';\n\n//functors\nexport * from './src/IO/index';\nexport * from './src/List/index';\nexport * from './src/Identity/index';\nexport * from './src/Right/index';\nexport * from './src/Left/index';\nexport * from './src/Either/index';\nexport * from './src/createCompose/index';\nexport * from './src/Map/index';\nexport * from './src/Maybe/index';\n\n"]},"_coverageSchema":"1a1c01bbd47fc00a2c39e90264f33305004495a9","hash":"7cc3c08f98f5f30bb06d8b903061ee6766ac894c","contentHash":"20f3d2036df7b492ad237f5a939cd09daacc3e03b0446ed964f23290b8692e42"},"/Users/petrborak/Documents/projects/functors/src/helpers/index.js":{"path":"/Users/petrborak/Documents/projects/functors/src/helpers/index.js","statementMap":{"0":{"start":{"line":3,"column":4},"end":{"line":3,"column":71}},"1":{"start":{"line":3,"column":21},"end":{"line":3,"column":71}},"2":{"start":{"line":3,"column":53},"end":{"line":3,"column":71}},"3":{"start":{"line":5,"column":0},"end":{"line":5,"column":62}},"4":{"start":{"line":6,"column":0},"end":{"line":6,"column":30}},"5":{"start":{"line":7,"column":0},"end":{"line":7,"column":31}},"6":{"start":{"line":8,"column":0},"end":{"line":8,"column":29}},"7":{"start":{"line":9,"column":0},"end":{"line":9,"column":30}},"8":{"start":{"line":10,"column":0},"end":{"line":10,"column":32}},"9":{"start":{"line":11,"column":0},"end":{"line":11,"column":31}},"10":{"start":{"line":12,"column":0},"end":{"line":12,"column":28}},"11":{"start":{"line":13,"column":0},"end":{"line":13,"column":30}},"12":{"start":{"line":14,"column":0},"end":{"line":14,"column":30}},"13":{"start":{"line":15,"column":0},"end":{"line":15,"column":29}},"14":{"start":{"line":16,"column":0},"end":{"line":16,"column":31}},"15":{"start":{"line":17,"column":0},"end":{"line":17,"column":30}},"16":{"start":{"line":19,"column":0},"end":{"line":19,"column":43}}},"fnMap":{"0":{"name":"__export","decl":{"start":{"line":2,"column":9},"end":{"line":2,"column":17}},"loc":{"start":{"line":2,"column":21},"end":{"line":4,"column":1}},"line":2}},"branchMap":{"0":{"loc":{"start":{"line":3,"column":21},"end":{"line":3,"column":71}},"type":"if","locations":[{"start":{"line":3,"column":21},"end":{"line":3,"column":71}},{"start":{"line":3,"column":21},"end":{"line":3,"column":71}}],"line":3}},"s":{"0":13,"1":41,"2":41,"3":1,"4":1,"5":1,"6":1,"7":1,"8":1,"9":1,"10":1,"11":1,"12":1,"13":1,"14":1,"15":1,"16":1},"f":{"0":13},"b":{"0":[41,0]},"inputSourceMap":{"version":3,"file":"/Users/petrborak/Documents/projects/functors/src/helpers/index.js","sources":["/Users/petrborak/Documents/projects/functors/src/helpers/index.js"],"names":[],"mappings":";;;;;AAAA,8BAAyB;AACzB,+BAA0B;AAC1B,6BAAwB;AACxB,8BAAyB;AACzB,gCAA2B;AAC3B,+BAA0B;AAC1B,4BAAuB;AACvB,8BAAyB;AACzB,8BAAyB;AACzB,6BAAwB;AACxB,+BAA0B;AAC1B,8BAAyB;AAEzB,qBAAqB;AACrB,2CAAsC","sourcesContent":["export * from './always';\nexport * from './compose';\nexport * from './curry';\nexport * from './either';\nexport * from './identity';\nexport * from './inspect';\nexport * from './left';\nexport * from './liftA2';\nexport * from './liftA3';\nexport * from './maybe';\nexport * from './nothing';\nexport * from './reject';\n\n//pointfree utilities\nexport * from './pointfree-utilities';\n"]},"_coverageSchema":"1a1c01bbd47fc00a2c39e90264f33305004495a9","hash":"e9bc3ae37c2df8c2b717655cbd26a5c24e8f4cf8","contentHash":"291546a3d2a88e9524170970e91c0c298b267a3460d977698bb7cf880613ab17"},"/Users/petrborak/Documents/projects/functors/src/helpers/always.js":{"path":"/Users/petrborak/Documents/projects/functors/src/helpers/always.js","statementMap":{"0":{"start":{"line":2,"column":0},"end":{"line":2,"column":62}},"1":{"start":{"line":3,"column":14},"end":{"line":3,"column":32}},"2":{"start":{"line":6,"column":0},"end":{"line":6,"column":62}},"3":{"start":{"line":6,"column":49},"end":{"line":6,"column":58}}},"fnMap":{"0":{"name":"(anonymous_0)","decl":{"start":{"line":6,"column":31},"end":{"line":6,"column":32}},"loc":{"start":{"line":6,"column":47},"end":{"line":6,"column":60}},"line":6}},"branchMap":{},"s":{"0":1,"1":1,"2":1,"3":0},"f":{"0":0},"b":{},"inputSourceMap":{"version":3,"file":"/Users/petrborak/Documents/projects/functors/src/helpers/always.js","sources":["/Users/petrborak/Documents/projects/functors/src/helpers/always.js"],"names":[],"mappings":";;AAAA,iCAAgC;AAEhC,wBAAwB;AAExB,0BAA0B;AACb,QAAA,MAAM,GAAG,aAAK,CAAC,UAAC,CAAC,EAAE,CAAC,IAAK,OAAA,CAAC,EAAD,CAAC,CAAC,CAAC","sourcesContent":["import { curry } from './curry';\n\n// always :: a -> b -> a\n\n//eslint-disable-next-line\nexport const always = curry((a, b) => a);\n\n"]},"_coverageSchema":"1a1c01bbd47fc00a2c39e90264f33305004495a9","hash":"e648165806f9ab163aea758b8ac290eacae5e43d","contentHash":"c7b7261d385990db62fb57703d192b6323b89fedc26be815af25576bfb64a695"},"/Users/petrborak/Documents/projects/functors/src/helpers/compose.js":{"path":"/Users/petrborak/Documents/projects/functors/src/helpers/compose.js","statementMap":{"0":{"start":{"line":2,"column":21},"end":{"line":8,"column":1}},"1":{"start":{"line":3,"column":4},"end":{"line":3,"column":88}},"2":{"start":{"line":3,"column":17},"end":{"line":3,"column":18}},"3":{"start":{"line":3,"column":24},"end":{"line":3,"column":25}},"4":{"start":{"line":3,"column":32},"end":{"line":3,"column":48}},"5":{"start":{"line":3,"column":63},"end":{"line":3,"column":88}},"6":{"start":{"line":4,"column":4},"end":{"line":6,"column":24}},"7":{"start":{"line":4,"column":17},"end":{"line":4,"column":25}},"8":{"start":{"line":4,"column":31},"end":{"line":4,"column":32}},"9":{"start":{"line":4,"column":38},"end":{"line":4,"column":39}},"10":{"start":{"line":5,"column":8},"end":{"line":6,"column":24}},"11":{"start":{"line":5,"column":21},"end":{"line":5,"column":33}},"12":{"start":{"line":5,"column":39},"end":{"line":5,"column":40}},"13":{"start":{"line":5,"column":47},"end":{"line":5,"column":55}},"14":{"start":{"line":6,"column":12},"end":{"line":6,"column":24}},"15":{"start":{"line":7,"column":4},"end":{"line":7,"column":13}},"16":{"start":{"line":9,"column":0},"end":{"line":9,"column":62}},"17":{"start":{"line":11,"column":0},"end":{"line":23,"column":2}},"18":{"start":{"line":12,"column":14},"end":{"line":12,"column":16}},"19":{"start":{"line":13,"column":4},"end":{"line":15,"column":5}},"20":{"start":{"line":13,"column":18},"end":{"line":13,"column":19}},"21":{"start":{"line":14,"column":8},"end":{"line":14,"column":32}},"22":{"start":{"line":16,"column":4},"end":{"line":22,"column":6}},"23":{"start":{"line":17,"column":19},"end":{"line":17,"column":21}},"24":{"start":{"line":18,"column":8},"end":{"line":20,"column":9}},"25":{"start":{"line":18,"column":22},"end":{"line":18,"column":23}},"26":{"start":{"line":19,"column":12},"end":{"line":19,"column":37}},"27":{"start":{"line":21,"column":8},"end":{"line":21,"column":121}},"28":{"start":{"line":21,"column":52},"end":{"line":21,"column":108}}},"fnMap":{"0":{"name":"(anonymous_0)","decl":{"start":{"line":2,"column":54},"end":{"line":2,"column":55}},"loc":{"start":{"line":2,"column":66},"end":{"line":8,"column":1}},"line":2},"1":{"name":"(anonymous_1)","decl":{"start":{"line":11,"column":18},"end":{"line":11,"column":19}},"loc":{"start":{"line":11,"column":30},"end":{"line":23,"column":1}},"line":11},"2":{"name":"(anonymous_2)","decl":{"start":{"line":16,"column":11},"end":{"line":16,"column":12}},"loc":{"start":{"line":16,"column":23},"end":{"line":22,"column":5}},"line":16},"3":{"name":"(anonymous_3)","decl":{"start":{"line":21,"column":31},"end":{"line":21,"column":32}},"loc":{"start":{"line":21,"column":50},"end":{"line":21,"column":110}},"line":21}},"branchMap":{"0":{"loc":{"start":{"line":2,"column":21},"end":{"line":8,"column":1}},"type":"binary-expr","locations":[{"start":{"line":2,"column":22},"end":{"line":2,"column":26}},{"start":{"line":2,"column":30},"end":{"line":2,"column":49}},{"start":{"line":2,"column":54},"end":{"line":8,"column":1}}],"line":2}},"s":{"0":1,"1":12,"2":12,"3":12,"4":12,"5":24,"6":12,"7":12,"8":12,"9":12,"10":24,"11":24,"12":24,"13":24,"14":24,"15":12,"16":1,"17":1,"18":8,"19":8,"20":8,"21":16,"22":8,"23":6,"24":6,"25":6,"26":6,"27":6,"28":12},"f":{"0":12,"1":8,"2":6,"3":12},"b":{"0":[1,1,1]},"inputSourceMap":{"version":3,"file":"/Users/petrborak/Documents/projects/functors/src/helpers/compose.js","sources":["/Users/petrborak/Documents/projects/functors/src/helpers/compose.js"],"names":[],"mappings":";;;;;;;;;AAAA,4DAA4D;AAC/C,QAAA,OAAO,GAAG;IAAC,aAAM;SAAN,UAAM,EAAN,qBAAM,EAAN,IAAM;QAAN,wBAAM;;IAAK,OAAA;QAAC,cAAO;aAAP,UAAO,EAAP,qBAAO,EAAP,IAAO;YAAP,yBAAO;;QAAK,OAAA,GAAG,CAAC,WAAW,CAAC,UAAC,GAAG,EAAE,EAAE,IAAK,OAAA,CAAC,EAAE,CAAC,IAAI,OAAP,EAAE,kBAAM,IAAI,GAAK,GAAG,GAAE,EAAvB,CAAuB,EAAE,IAAI,CAAC,CAAC,CAAC,CAAC;IAA9D,CAA8D;AAA3E,CAA2E,CAAC","sourcesContent":["// compose :: ((a -> b), (b -> c),  ..., (y -> z)) -> a -> z\nexport const compose = (...fns) => (...args) => fns.reduceRight((res, fn) => [fn.call(null, ...res)], args)[0];\n"]},"_coverageSchema":"1a1c01bbd47fc00a2c39e90264f33305004495a9","hash":"ab8227599b2e657f038052bf9c9e1bdf94cbbae1","contentHash":"d050cbd8bfcdc7f5f714dab1e453c9fb255647afbf3110a597333dfb60ad15e6"},"/Users/petrborak/Documents/projects/functors/src/helpers/either.js":{"path":"/Users/petrborak/Documents/projects/functors/src/helpers/either.js","statementMap":{"0":{"start":{"line":2,"column":0},"end":{"line":2,"column":62}},"1":{"start":{"line":3,"column":14},"end":{"line":3,"column":32}},"2":{"start":{"line":5,"column":0},"end":{"line":10,"column":3}},"3":{"start":{"line":6,"column":4},"end":{"line":8,"column":5}},"4":{"start":{"line":7,"column":8},"end":{"line":7,"column":27}},"5":{"start":{"line":9,"column":4},"end":{"line":9,"column":23}}},"fnMap":{"0":{"name":"(anonymous_0)","decl":{"start":{"line":5,"column":31},"end":{"line":5,"column":32}},"loc":{"start":{"line":5,"column":50},"end":{"line":10,"column":1}},"line":5}},"branchMap":{"0":{"loc":{"start":{"line":6,"column":4},"end":{"line":8,"column":5}},"type":"if","locations":[{"start":{"line":6,"column":4},"end":{"line":8,"column":5}},{"start":{"line":6,"column":4},"end":{"line":8,"column":5}}],"line":6}},"s":{"0":1,"1":1,"2":1,"3":0,"4":0,"5":0},"f":{"0":0},"b":{"0":[0,0]},"inputSourceMap":{"version":3,"file":"/Users/petrborak/Documents/projects/functors/src/helpers/either.js","sources":["/Users/petrborak/Documents/projects/functors/src/helpers/either.js"],"names":[],"mappings":";;AAAA,iCAAgC;AAEhC,oDAAoD;AACvC,QAAA,MAAM,GAAG,aAAK,CAAC,UAAC,CAAC,EAAE,CAAC,EAAE,CAAC;IAClC,IAAI,CAAC,CAAC,MAAM,EAAE;QACZ,OAAO,CAAC,CAAC,CAAC,CAAC,MAAM,CAAC,CAAC;KACpB;IAED,OAAO,CAAC,CAAC,CAAC,CAAC,MAAM,CAAC,CAAC;AACrB,CAAC,CAAC,CAAC","sourcesContent":["import { curry } from './curry';\n\n// either :: (a -> c) -> (b -> c) -> Either a b -> c\nexport const either = curry((f, g, e) => {\n  if (e.isLeft) {\n    return f(e.$value);\n  }\n  \n  return g(e.$value);\n});\n"]},"_coverageSchema":"1a1c01bbd47fc00a2c39e90264f33305004495a9","hash":"aa648b9658965f2f9046c68df3555ec1f7f592ae","contentHash":"87c10b07aa8f307de87bf712c72d45a509a2a70f1d754cd803eead6a003aaab1"},"/Users/petrborak/Documents/projects/functors/src/helpers/identity.js":{"path":"/Users/petrborak/Documents/projects/functors/src/helpers/identity.js","statementMap":{"0":{"start":{"line":2,"column":0},"end":{"line":2,"column":62}},"1":{"start":{"line":4,"column":0},"end":{"line":4,"column":46}},"2":{"start":{"line":4,"column":34},"end":{"line":4,"column":43}}},"fnMap":{"0":{"name":"(anonymous_0)","decl":{"start":{"line":4,"column":19},"end":{"line":4,"column":20}},"loc":{"start":{"line":4,"column":32},"end":{"line":4,"column":45}},"line":4}},"branchMap":{},"s":{"0":1,"1":1,"2":1},"f":{"0":1},"b":{},"inputSourceMap":{"version":3,"file":"/Users/petrborak/Documents/projects/functors/src/helpers/identity.js","sources":["/Users/petrborak/Documents/projects/functors/src/helpers/identity.js"],"names":[],"mappings":";;AAAA,qBAAqB;AACR,QAAA,QAAQ,GAAG,UAAA,CAAC,IAAI,OAAA,CAAC,EAAD,CAAC,CAAC","sourcesContent":["// identity :: x -> x\nexport const identity = x => x;\n"]},"_coverageSchema":"1a1c01bbd47fc00a2c39e90264f33305004495a9","hash":"13494732893ef83be9b9bb5f8567e0df523b4d73","contentHash":"320859f7a16cf3585662a4ac5b39640d034a6acd1c9cf3c7113e9af0be533561"},"/Users/petrborak/Documents/projects/functors/src/helpers/inspect.js":{"path":"/Users/petrborak/Documents/projects/functors/src/helpers/inspect.js","statementMap":{"0":{"start":{"line":2,"column":0},"end":{"line":2,"column":62}},"1":{"start":{"line":4,"column":0},"end":{"line":27,"column":2}},"2":{"start":{"line":5,"column":4},"end":{"line":7,"column":5}},"3":{"start":{"line":6,"column":8},"end":{"line":6,"column":27}},"4":{"start":{"line":9,"column":8},"end":{"line":9,"column":46}},"5":{"start":{"line":12,"column":8},"end":{"line":21,"column":9}},"6":{"start":{"line":14,"column":16},"end":{"line":14,"column":37}},"7":{"start":{"line":16,"column":25},"end":{"line":16,"column":96}},"8":{"start":{"line":16,"column":59},"end":{"line":16,"column":93}},"9":{"start":{"line":17,"column":16},"end":{"line":17,"column":94}},"10":{"start":{"line":17,"column":52},"end":{"line":17,"column":73}},"11":{"start":{"line":20,"column":16},"end":{"line":20,"column":33}},"12":{"start":{"line":24,"column":8},"end":{"line":24,"column":106}},"13":{"start":{"line":26,"column":4},"end":{"line":26,"column":69}}},"fnMap":{"0":{"name":"(anonymous_0)","decl":{"start":{"line":4,"column":18},"end":{"line":4,"column":19}},"loc":{"start":{"line":4,"column":31},"end":{"line":27,"column":1}},"line":4},"1":{"name":"inspectFn","decl":{"start":{"line":8,"column":13},"end":{"line":8,"column":22}},"loc":{"start":{"line":8,"column":26},"end":{"line":10,"column":5}},"line":8},"2":{"name":"inspectTerm","decl":{"start":{"line":11,"column":13},"end":{"line":11,"column":24}},"loc":{"start":{"line":11,"column":28},"end":{"line":22,"column":5}},"line":11},"3":{"name":"(anonymous_3)","decl":{"start":{"line":16,"column":44},"end":{"line":16,"column":45}},"loc":{"start":{"line":16,"column":57},"end":{"line":16,"column":95}},"line":16},"4":{"name":"(anonymous_4)","decl":{"start":{"line":17,"column":36},"end":{"line":17,"column":37}},"loc":{"start":{"line":17,"column":50},"end":{"line":17,"column":75}},"line":17},"5":{"name":"inspectArgs","decl":{"start":{"line":23,"column":13},"end":{"line":23,"column":24}},"loc":{"start":{"line":23,"column":31},"end":{"line":25,"column":5}},"line":23}},"branchMap":{"0":{"loc":{"start":{"line":5,"column":4},"end":{"line":7,"column":5}},"type":"if","locations":[{"start":{"line":5,"column":4},"end":{"line":7,"column":5}},{"start":{"line":5,"column":4},"end":{"line":7,"column":5}}],"line":5},"1":{"loc":{"start":{"line":5,"column":8},"end":{"line":5,"column":44}},"type":"binary-expr","locations":[{"start":{"line":5,"column":8},"end":{"line":5,"column":9}},{"start":{"line":5,"column":13},"end":{"line":5,"column":44}}],"line":5},"2":{"loc":{"start":{"line":9,"column":15},"end":{"line":9,"column":45}},"type":"cond-expr","locations":[{"start":{"line":9,"column":24},"end":{"line":9,"column":30}},{"start":{"line":9,"column":33},"end":{"line":9,"column":45}}],"line":9},"3":{"loc":{"start":{"line":12,"column":8},"end":{"line":21,"column":9}},"type":"switch","locations":[{"start":{"line":13,"column":12},"end":{"line":14,"column":37}},{"start":{"line":15,"column":12},"end":{"line":18,"column":13}},{"start":{"line":19,"column":12},"end":{"line":20,"column":33}}],"line":12},"4":{"loc":{"start":{"line":24,"column":15},"end":{"line":24,"column":105}},"type":"cond-expr","locations":[{"start":{"line":24,"column":37},"end":{"line":24,"column":85}},{"start":{"line":24,"column":88},"end":{"line":24,"column":105}}],"line":24},"5":{"loc":{"start":{"line":26,"column":11},"end":{"line":26,"column":68}},"type":"cond-expr","locations":[{"start":{"line":26,"column":39},"end":{"line":26,"column":51}},{"start":{"line":26,"column":54},"end":{"line":26,"column":68}}],"line":26}},"s":{"0":1,"1":1,"2":0,"3":0,"4":0,"5":0,"6":0,"7":0,"8":0,"9":0,"10":0,"11":0,"12":0,"13":0},"f":{"0":0,"1":0,"2":0,"3":0,"4":0,"5":0},"b":{"0":[0,0],"1":[0,0],"2":[0,0],"3":[0,0,0],"4":[0,0],"5":[0,0]},"inputSourceMap":{"version":3,"file":"/Users/petrborak/Documents/projects/functors/src/helpers/inspect.js","sources":["/Users/petrborak/Documents/projects/functors/src/helpers/inspect.js"],"names":[],"mappings":";;AAAA,yBAAyB;AACZ,QAAA,OAAO,GAAG,UAAC,CAAC;IACvB,IAAI,CAAC,IAAI,OAAO,CAAC,CAAC,OAAO,KAAK,UAAU,EAAE;QACxC,OAAO,CAAC,CAAC,OAAO,EAAE,CAAC;KACpB;IAED,SAAS,SAAS,CAAC,CAAC;QAClB,OAAO,CAAC,CAAC,IAAI,CAAC,CAAC,CAAC,CAAC,CAAC,IAAI,CAAC,CAAC,CAAC,CAAC,CAAC,QAAQ,EAAE,CAAC;IACxC,CAAC;IAED,SAAS,WAAW,CAAC,CAAC;QACpB,QAAQ,OAAO,CAAC,EAAE;YAChB,KAAK,QAAQ;gBACX,OAAO,MAAI,CAAC,MAAG,CAAC;YAClB,KAAK,QAAQ,CAAC,CAAC;gBACb,IAAM,EAAE,GAAG,MAAM,CAAC,IAAI,CAAC,CAAC,CAAC,CAAC,GAAG,CAAC,UAAA,CAAC,IAAI,OAAA,CAAC,CAAC,EAAE,eAAO,CAAC,CAAC,CAAC,CAAC,CAAC,CAAC,CAAC,EAAlB,CAAkB,CAAC,CAAC;gBACvD,OAAO,MAAI,EAAE,CAAC,GAAG,CAAC,UAAA,EAAE,IAAI,OAAA,EAAE,CAAC,IAAI,CAAC,IAAI,CAAC,EAAb,CAAa,CAAC,CAAC,IAAI,CAAC,IAAI,CAAC,MAAG,CAAC;aACtD;YACD;gBACE,OAAO,MAAM,CAAC,CAAC,CAAC,CAAC;SACpB;IACH,CAAC;IAED,SAAS,WAAW,CAAC,IAAI;QACvB,OAAO,KAAK,CAAC,OAAO,CAAC,IAAI,CAAC,CAAC,CAAC,CAAC,MAAI,IAAI,CAAC,GAAG,CAAC,eAAO,CAAC,CAAC,IAAI,CAAC,IAAI,CAAC,MAAG,CAAC,CAAC,CAAC,WAAW,CAAC,IAAI,CAAC,CAAC;IACvF,CAAC;IAED,OAAO,CAAC,OAAO,CAAC,KAAK,UAAU,CAAC,CAAC,CAAC,CAAC,SAAS,CAAC,CAAC,CAAC,CAAC,CAAC,CAAC,WAAW,CAAC,CAAC,CAAC,CAAC;AACnE,CAAC,CAAC","sourcesContent":["// inspect :: a -> String\nexport const inspect = (x) => {\n  if (x && typeof x.inspect === 'function') {\n    return x.inspect();\n  }\n  \n  function inspectFn(f) {\n    return f.name ? f.name : f.toString();\n  }\n  \n  function inspectTerm(t) {\n    switch (typeof t) {\n      case 'string':\n        return `'${t}'`;\n      case 'object': {\n        const ts = Object.keys(t).map(k => [k, inspect(t[k])]);\n        return `{${ts.map(kv => kv.join(': ')).join(', ')}}`;\n      }\n      default:\n        return String(t);\n    }\n  }\n  \n  function inspectArgs(args) {\n    return Array.isArray(args) ? `[${args.map(inspect).join(', ')}]` : inspectTerm(args);\n  }\n  \n  return (typeof x === 'function') ? inspectFn(x) : inspectArgs(x);\n};\n"]},"_coverageSchema":"1a1c01bbd47fc00a2c39e90264f33305004495a9","hash":"8b5aabf82a7b3ef284ac3740cd6eb4be0086033f","contentHash":"ac278d08f5eb4040c61857f16719658c4a65a248ef29aad968ab257c77eb2787"},"/Users/petrborak/Documents/projects/functors/src/helpers/left.js":{"path":"/Users/petrborak/Documents/projects/functors/src/helpers/left.js","statementMap":{"0":{"start":{"line":2,"column":0},"end":{"line":2,"column":62}},"1":{"start":{"line":3,"column":13},"end":{"line":3,"column":31}},"2":{"start":{"line":5,"column":0},"end":{"line":5,"column":59}},"3":{"start":{"line":5,"column":30},"end":{"line":5,"column":56}}},"fnMap":{"0":{"name":"(anonymous_0)","decl":{"start":{"line":5,"column":15},"end":{"line":5,"column":16}},"loc":{"start":{"line":5,"column":28},"end":{"line":5,"column":58}},"line":5}},"branchMap":{},"s":{"0":1,"1":1,"2":1,"3":0},"f":{"0":0},"b":{},"inputSourceMap":{"version":3,"file":"/Users/petrborak/Documents/projects/functors/src/helpers/left.js","sources":["/Users/petrborak/Documents/projects/functors/src/helpers/left.js"],"names":[],"mappings":";;AAAA,gCAA+B;AAE/B,0BAA0B;AACb,QAAA,IAAI,GAAG,UAAA,CAAC,IAAI,OAAA,IAAI,WAAI,CAAC,CAAC,CAAC,EAAX,CAAW,CAAC","sourcesContent":["import { Left } from '../Left';\n\n// left :: a -> Either a b\nexport const left = a => new Left(a);\n"]},"_coverageSchema":"1a1c01bbd47fc00a2c39e90264f33305004495a9","hash":"fd9dcbfd4d6cca5af008fbf8104987c641f05748","contentHash":"210b3d50622da809ee524347ab88b7b854cd5cad6f67685f607547f258ee5fd5"},"/Users/petrborak/Documents/projects/functors/src/Left/index.js":{"path":"/Users/petrborak/Documents/projects/functors/src/Left/index.js","statementMap":{"0":{"start":{"line":2,"column":0},"end":{"line":2,"column":62}},"1":{"start":{"line":3,"column":26},"end":{"line":51,"column":3}},"2":{"start":{"line":5,"column":8},"end":{"line":5,"column":24}},"3":{"start":{"line":7,"column":4},"end":{"line":13,"column":7}},"4":{"start":{"line":9,"column":12},"end":{"line":9,"column":24}},"5":{"start":{"line":14,"column":4},"end":{"line":20,"column":7}},"6":{"start":{"line":16,"column":12},"end":{"line":16,"column":25}},"7":{"start":{"line":21,"column":4},"end":{"line":23,"column":6}},"8":{"start":{"line":22,"column":8},"end":{"line":22,"column":86}},"9":{"start":{"line":28,"column":4},"end":{"line":30,"column":6}},"10":{"start":{"line":29,"column":8},"end":{"line":29,"column":20}},"11":{"start":{"line":32,"column":4},"end":{"line":34,"column":6}},"12":{"start":{"line":33,"column":8},"end":{"line":33,"column":20}},"13":{"start":{"line":36,"column":4},"end":{"line":38,"column":6}},"14":{"start":{"line":37,"column":8},"end":{"line":37,"column":20}},"15":{"start":{"line":39,"column":4},"end":{"line":41,"column":6}},"16":{"start":{"line":40,"column":8},"end":{"line":40,"column":20}},"17":{"start":{"line":43,"column":4},"end":{"line":45,"column":6}},"18":{"start":{"line":44,"column":8},"end":{"line":44,"column":24}},"19":{"start":{"line":47,"column":4},"end":{"line":49,"column":6}},"20":{"start":{"line":48,"column":8},"end":{"line":48,"column":24}},"21":{"start":{"line":50,"column":4},"end":{"line":50,"column":16}},"22":{"start":{"line":52,"column":0},"end":{"line":52,"column":20}}},"fnMap":{"0":{"name":"(anonymous_0)","decl":{"start":{"line":3,"column":26},"end":{"line":3,"column":27}},"loc":{"start":{"line":3,"column":38},"end":{"line":51,"column":1}},"line":3},"1":{"name":"Left","decl":{"start":{"line":4,"column":13},"end":{"line":4,"column":17}},"loc":{"start":{"line":4,"column":21},"end":{"line":6,"column":5}},"line":4},"2":{"name":"(anonymous_2)","decl":{"start":{"line":8,"column":13},"end":{"line":8,"column":14}},"loc":{"start":{"line":8,"column":25},"end":{"line":10,"column":9}},"line":8},"3":{"name":"(anonymous_3)","decl":{"start":{"line":15,"column":13},"end":{"line":15,"column":14}},"loc":{"start":{"line":15,"column":25},"end":{"line":17,"column":9}},"line":15},"4":{"name":"(anonymous_4)","decl":{"start":{"line":21,"column":14},"end":{"line":21,"column":15}},"loc":{"start":{"line":21,"column":27},"end":{"line":23,"column":5}},"line":21},"5":{"name":"(anonymous_5)","decl":{"start":{"line":28,"column":25},"end":{"line":28,"column":26}},"loc":{"start":{"line":28,"column":37},"end":{"line":30,"column":5}},"line":28},"6":{"name":"(anonymous_6)","decl":{"start":{"line":32,"column":24},"end":{"line":32,"column":25}},"loc":{"start":{"line":32,"column":36},"end":{"line":34,"column":5}},"line":32},"7":{"name":"(anonymous_7)","decl":{"start":{"line":36,"column":27},"end":{"line":36,"column":28}},"loc":{"start":{"line":36,"column":39},"end":{"line":38,"column":5}},"line":36},"8":{"name":"(anonymous_8)","decl":{"start":{"line":39,"column":26},"end":{"line":39,"column":27}},"loc":{"start":{"line":39,"column":38},"end":{"line":41,"column":5}},"line":39},"9":{"name":"(anonymous_9)","decl":{"start":{"line":43,"column":30},"end":{"line":43,"column":31}},"loc":{"start":{"line":43,"column":44},"end":{"line":45,"column":5}},"line":43},"10":{"name":"(anonymous_10)","decl":{"start":{"line":47,"column":30},"end":{"line":47,"column":31}},"loc":{"start":{"line":47,"column":48},"end":{"line":49,"column":5}},"line":47}},"branchMap":{},"s":{"0":1,"1":1,"2":0,"3":1,"4":0,"5":1,"6":0,"7":1,"8":0,"9":1,"10":0,"11":1,"12":0,"13":1,"14":0,"15":1,"16":0,"17":1,"18":0,"19":1,"20":0,"21":1,"22":1},"f":{"0":1,"1":0,"2":0,"3":0,"4":0,"5":0,"6":0,"7":0,"8":0,"9":0,"10":0},"b":{},"inputSourceMap":{"version":3,"file":"/Users/petrborak/Documents/projects/functors/src/Left/index.js","sources":["/Users/petrborak/Documents/projects/functors/src/Left/index.js"],"names":[],"mappings":";;AAAA;IAEE,cAAY,CAAC;QACX,IAAI,CAAC,MAAM,GAAG,CAAC,CAAC;IAClB,CAAC;IAED,sBAAI,wBAAM;aAAV;YACE,OAAO,IAAI,CAAC;QACd,CAAC;;;OAAA;IAED,sBAAI,yBAAO;aAAX;YACE,OAAO,KAAK,CAAC;QACf,CAAC;;;OAAA;IAEM,OAAE,GAAT,UAAU,CAAC;QACT,MAAM,IAAI,KAAK,CAAC,4DAA4D,CAAC,CAAC;IAChF,CAAC;IAED,4BAA4B;IAC5B,4CAA4C;IAC5C,IAAI;IAEJ,2BAA2B;IAC3B,kBAAG,GAAH;QACE,OAAO,IAAI,CAAC;IACd,CAAC;IAED,+BAA+B;IAC/B,iBAAE,GAAF;QACE,OAAO,IAAI,CAAC;IACd,CAAC;IAED,yBAAyB;IACzB,oBAAK,GAAL;QACE,OAAO,IAAI,CAAC;IACd,CAAC;IAED,mBAAI,GAAJ;QACE,OAAO,IAAI,CAAC;IACd,CAAC;IAED,+BAA+B;IAC/B,uBAAQ,GAAR,UAAS,EAAE;QACT,OAAO,EAAE,CAAC,IAAI,CAAC,CAAC;IAClB,CAAC;IAEH,0BAA0B;IACxB,uBAAQ,GAAR,UAAS,EAAE,EAAE,EAAE;QACb,OAAO,EAAE,CAAC,IAAI,CAAC,CAAC;IAClB,CAAC;IACH,WAAC;AAAD,CAAC,AAlDD,IAkDC;AAlDY,oBAAI","sourcesContent":["export class Left {\n  \n  constructor(x) {\n    this.$value = x;\n  }\n  \n  get isLeft() {\n    return true;\n  }\n  \n  get isRight() {\n    return false;\n  }\n  \n  static of(x) {\n    throw new Error('`of` called on class Left (value) instead of Either (type)');\n  }\n  \n  // [util.inspect.custom]() {\n  //   return `Left(${inspect(this.$value)})`;\n  // }\n  \n  // ----- Functor (Either a)\n  map() {\n    return this;\n  }\n  \n  // ----- Applicative (Either a)\n  ap() {\n    return this;\n  }\n  \n  // ----- Monad (Either a)\n  chain() {\n    return this;\n  }\n  \n  join() {\n    return this;\n  }\n  \n  // ----- Traversable (Either a)\n  sequence(of) {\n    return of(this);\n  }\n  \n//eslint-disable-next-line\n  traverse(of, fn) {\n    return of(this);\n  }\n}\n"]},"_coverageSchema":"1a1c01bbd47fc00a2c39e90264f33305004495a9","hash":"b0f0a242e54872b853b95081cf83d468a4acb60f","contentHash":"8b108314e43e6937716cd16cfae709b5e041a5867abf5ec6c3e60f87ad9e89b4"},"/Users/petrborak/Documents/projects/functors/src/helpers/liftA2.js":{"path":"/Users/petrborak/Documents/projects/functors/src/helpers/liftA2.js","statementMap":{"0":{"start":{"line":2,"column":0},"end":{"line":2,"column":62}},"1":{"start":{"line":3,"column":14},"end":{"line":3,"column":32}},"2":{"start":{"line":5,"column":0},"end":{"line":5,"column":84}},"3":{"start":{"line":5,"column":55},"end":{"line":5,"column":80}}},"fnMap":{"0":{"name":"(anonymous_0)","decl":{"start":{"line":5,"column":31},"end":{"line":5,"column":32}},"loc":{"start":{"line":5,"column":53},"end":{"line":5,"column":82}},"line":5}},"branchMap":{},"s":{"0":1,"1":1,"2":1,"3":0},"f":{"0":0},"b":{},"inputSourceMap":{"version":3,"file":"/Users/petrborak/Documents/projects/functors/src/helpers/liftA2.js","sources":["/Users/petrborak/Documents/projects/functors/src/helpers/liftA2.js"],"names":[],"mappings":";;AAAA,iCAAgC;AAEhC,sEAAsE;AACzD,QAAA,MAAM,GAAG,aAAK,CAAC,UAAC,EAAE,EAAE,EAAE,EAAE,EAAE,IAAK,OAAA,EAAE,CAAC,GAAG,CAAC,EAAE,CAAC,CAAC,EAAE,CAAC,EAAE,CAAC,EAAjB,CAAiB,CAAC,CAAC","sourcesContent":["import { curry } from './curry';\n\n// liftA2 :: (Applicative f) => (a1 -> a2 -> b) -> f a1 -> f a2 -> f b\nexport const liftA2 = curry((fn, a1, a2) => a1.map(fn).ap(a2));\n"]},"_coverageSchema":"1a1c01bbd47fc00a2c39e90264f33305004495a9","hash":"3f27bc055f51211b09e1288deb8f1f4cbc40b1b4","contentHash":"2c396291a403645735f6483514a5f1406e78d56bb903531b8a5e0cb558ad9997"},"/Users/petrborak/Documents/projects/functors/src/helpers/liftA3.js":{"path":"/Users/petrborak/Documents/projects/functors/src/helpers/liftA3.js","statementMap":{"0":{"start":{"line":2,"column":0},"end":{"line":2,"column":62}},"1":{"start":{"line":3,"column":14},"end":{"line":3,"column":32}},"2":{"start":{"line":5,"column":0},"end":{"line":5,"column":95}},"3":{"start":{"line":5,"column":59},"end":{"line":5,"column":91}}},"fnMap":{"0":{"name":"(anonymous_0)","decl":{"start":{"line":5,"column":31},"end":{"line":5,"column":32}},"loc":{"start":{"line":5,"column":57},"end":{"line":5,"column":93}},"line":5}},"branchMap":{},"s":{"0":1,"1":1,"2":1,"3":0},"f":{"0":0},"b":{},"inputSourceMap":{"version":3,"file":"/Users/petrborak/Documents/projects/functors/src/helpers/liftA3.js","sources":["/Users/petrborak/Documents/projects/functors/src/helpers/liftA3.js"],"names":[],"mappings":";;AAAA,iCAAgC;AAEhC,oFAAoF;AACvE,QAAA,MAAM,GAAG,aAAK,CAAC,UAAC,EAAE,EAAE,EAAE,EAAE,EAAE,EAAE,EAAE,IAAK,OAAA,EAAE,CAAC,GAAG,CAAC,EAAE,CAAC,CAAC,EAAE,CAAC,EAAE,CAAC,CAAC,EAAE,CAAC,EAAE,CAAC,EAAxB,CAAwB,CAAC,CAAC","sourcesContent":["import { curry } from './curry';\n\n// liftA3 :: (Applicative f) => (a1 -> a2 -> a3 -> b) -> f a1 -> f a2 -> f a3 -> f b\nexport const liftA3 = curry((fn, a1, a2, a3) => a1.map(fn).ap(a2).ap(a3));\n"]},"_coverageSchema":"1a1c01bbd47fc00a2c39e90264f33305004495a9","hash":"8daa958fb39d77e538f061f6fd21cb75dce05b1e","contentHash":"ac85e3d23fea76d2b089cc20b7c446e53ba0b467342057ebe2fcba7db8bb8789"},"/Users/petrborak/Documents/projects/functors/src/helpers/maybe.js":{"path":"/Users/petrborak/Documents/projects/functors/src/helpers/maybe.js","statementMap":{"0":{"start":{"line":2,"column":0},"end":{"line":2,"column":62}},"1":{"start":{"line":3,"column":14},"end":{"line":3,"column":32}},"2":{"start":{"line":5,"column":0},"end":{"line":10,"column":3}},"3":{"start":{"line":6,"column":4},"end":{"line":8,"column":5}},"4":{"start":{"line":7,"column":8},"end":{"line":7,"column":17}},"5":{"start":{"line":9,"column":4},"end":{"line":9,"column":23}}},"fnMap":{"0":{"name":"(anonymous_0)","decl":{"start":{"line":5,"column":30},"end":{"line":5,"column":31}},"loc":{"start":{"line":5,"column":49},"end":{"line":10,"column":1}},"line":5}},"branchMap":{"0":{"loc":{"start":{"line":6,"column":4},"end":{"line":8,"column":5}},"type":"if","locations":[{"start":{"line":6,"column":4},"end":{"line":8,"column":5}},{"start":{"line":6,"column":4},"end":{"line":8,"column":5}}],"line":6}},"s":{"0":1,"1":1,"2":1,"3":0,"4":0,"5":0},"f":{"0":0},"b":{"0":[0,0]},"inputSourceMap":{"version":3,"file":"/Users/petrborak/Documents/projects/functors/src/helpers/maybe.js","sources":["/Users/petrborak/Documents/projects/functors/src/helpers/maybe.js"],"names":[],"mappings":";;AAAA,iCAAgC;AAEhC,yCAAyC;AAC5B,QAAA,KAAK,GAAG,aAAK,CAAC,UAAC,CAAC,EAAE,CAAC,EAAE,CAAC;IACjC,IAAI,CAAC,CAAC,SAAS,EAAE;QACf,OAAO,CAAC,CAAC;KACV;IAED,OAAO,CAAC,CAAC,CAAC,CAAC,MAAM,CAAC,CAAC;AACrB,CAAC,CAAC,CAAC","sourcesContent":["import { curry } from './curry';\n\n// maybe :: b -> (a -> b) -> Maybe a -> b\nexport const maybe = curry((v, f, m) => {\n  if (m.isNothing) {\n    return v;\n  }\n  \n  return f(m.$value);\n});\n"]},"_coverageSchema":"1a1c01bbd47fc00a2c39e90264f33305004495a9","hash":"629608c62257d98dbf876617616da11adccce1c5","contentHash":"9d558cb5dd6b482c50b5786e2a59cff8479a5fa02bf25e8434db0c47cce323d5"},"/Users/petrborak/Documents/projects/functors/src/helpers/nothing.js":{"path":"/Users/petrborak/Documents/projects/functors/src/helpers/nothing.js","statementMap":{"0":{"start":{"line":2,"column":0},"end":{"line":2,"column":62}},"1":{"start":{"line":3,"column":14},"end":{"line":3,"column":33}},"2":{"start":{"line":5,"column":0},"end":{"line":5,"column":41}}},"fnMap":{},"branchMap":{},"s":{"0":1,"1":1,"2":1},"f":{},"b":{},"inputSourceMap":{"version":3,"file":"/Users/petrborak/Documents/projects/functors/src/helpers/nothing.js","sources":["/Users/petrborak/Documents/projects/functors/src/helpers/nothing.js"],"names":[],"mappings":";;AAAA,kCAAiC;AAEjC,qBAAqB;AACR,QAAA,OAAO,GAAG,aAAK,CAAC,EAAE,CAAC,IAAI,CAAC,CAAC","sourcesContent":["import { Maybe } from '../Maybe';\n\n// nothing :: Maybe a\nexport const nothing = Maybe.of(null);\n"]},"_coverageSchema":"1a1c01bbd47fc00a2c39e90264f33305004495a9","hash":"9176486d7717c181d9fdd490b7895ec56694e1a1","contentHash":"9bed3a51e102830889ef200c19a244eeafb6d117620ae6b1f0c5ebcfa3b6b1c8"},"/Users/petrborak/Documents/projects/functors/src/Maybe/index.js":{"path":"/Users/petrborak/Documents/projects/functors/src/Maybe/index.js","statementMap":{"0":{"start":{"line":2,"column":0},"end":{"line":2,"column":62}},"1":{"start":{"line":3,"column":17},"end":{"line":3,"column":47}},"2":{"start":{"line":4,"column":27},"end":{"line":52,"column":3}},"3":{"start":{"line":6,"column":8},"end":{"line":6,"column":24}},"4":{"start":{"line":8,"column":4},"end":{"line":14,"column":7}},"5":{"start":{"line":10,"column":12},"end":{"line":10,"column":69}},"6":{"start":{"line":15,"column":4},"end":{"line":21,"column":7}},"7":{"start":{"line":17,"column":12},"end":{"line":17,"column":35}},"8":{"start":{"line":26,"column":4},"end":{"line":28,"column":6}},"9":{"start":{"line":27,"column":8},"end":{"line":27,"column":28}},"10":{"start":{"line":30,"column":4},"end":{"line":32,"column":6}},"11":{"start":{"line":31,"column":8},"end":{"line":31,"column":65}},"12":{"start":{"line":34,"column":4},"end":{"line":36,"column":6}},"13":{"start":{"line":35,"column":8},"end":{"line":35,"column":58}},"14":{"start":{"line":38,"column":4},"end":{"line":40,"column":6}},"15":{"start":{"line":39,"column":8},"end":{"line":39,"column":35}},"16":{"start":{"line":41,"column":4},"end":{"line":43,"column":6}},"17":{"start":{"line":42,"column":8},"end":{"line":42,"column":51}},"18":{"start":{"line":45,"column":4},"end":{"line":47,"column":6}},"19":{"start":{"line":46,"column":8},"end":{"line":46,"column":54}},"20":{"start":{"line":48,"column":4},"end":{"line":50,"column":6}},"21":{"start":{"line":49,"column":8},"end":{"line":49,"column":73}},"22":{"start":{"line":51,"column":4},"end":{"line":51,"column":17}},"23":{"start":{"line":53,"column":0},"end":{"line":53,"column":22}}},"fnMap":{"0":{"name":"(anonymous_0)","decl":{"start":{"line":4,"column":27},"end":{"line":4,"column":28}},"loc":{"start":{"line":4,"column":39},"end":{"line":52,"column":1}},"line":4},"1":{"name":"Maybe","decl":{"start":{"line":5,"column":13},"end":{"line":5,"column":18}},"loc":{"start":{"line":5,"column":22},"end":{"line":7,"column":5}},"line":5},"2":{"name":"(anonymous_2)","decl":{"start":{"line":9,"column":13},"end":{"line":9,"column":14}},"loc":{"start":{"line":9,"column":25},"end":{"line":11,"column":9}},"line":9},"3":{"name":"(anonymous_3)","decl":{"start":{"line":16,"column":13},"end":{"line":16,"column":14}},"loc":{"start":{"line":16,"column":25},"end":{"line":18,"column":9}},"line":16},"4":{"name":"(anonymous_4)","decl":{"start":{"line":26,"column":15},"end":{"line":26,"column":16}},"loc":{"start":{"line":26,"column":28},"end":{"line":28,"column":5}},"line":26},"5":{"name":"(anonymous_5)","decl":{"start":{"line":30,"column":26},"end":{"line":30,"column":27}},"loc":{"start":{"line":30,"column":40},"end":{"line":32,"column":5}},"line":30},"6":{"name":"(anonymous_6)","decl":{"start":{"line":34,"column":25},"end":{"line":34,"column":26}},"loc":{"start":{"line":34,"column":38},"end":{"line":36,"column":5}},"line":34},"7":{"name":"(anonymous_7)","decl":{"start":{"line":38,"column":28},"end":{"line":38,"column":29}},"loc":{"start":{"line":38,"column":42},"end":{"line":40,"column":5}},"line":38},"8":{"name":"(anonymous_8)","decl":{"start":{"line":41,"column":27},"end":{"line":41,"column":28}},"loc":{"start":{"line":41,"column":39},"end":{"line":43,"column":5}},"line":41},"9":{"name":"(anonymous_9)","decl":{"start":{"line":45,"column":31},"end":{"line":45,"column":32}},"loc":{"start":{"line":45,"column":45},"end":{"line":47,"column":5}},"line":45},"10":{"name":"(anonymous_10)","decl":{"start":{"line":48,"column":31},"end":{"line":48,"column":32}},"loc":{"start":{"line":48,"column":49},"end":{"line":50,"column":5}},"line":48}},"branchMap":{"0":{"loc":{"start":{"line":10,"column":19},"end":{"line":10,"column":68}},"type":"binary-expr","locations":[{"start":{"line":10,"column":19},"end":{"line":10,"column":39}},{"start":{"line":10,"column":43},"end":{"line":10,"column":68}}],"line":10},"1":{"loc":{"start":{"line":31,"column":15},"end":{"line":31,"column":64}},"type":"cond-expr","locations":[{"start":{"line":31,"column":32},"end":{"line":31,"column":36}},{"start":{"line":31,"column":39},"end":{"line":31,"column":64}}],"line":31},"2":{"loc":{"start":{"line":35,"column":15},"end":{"line":35,"column":57}},"type":"cond-expr","locations":[{"start":{"line":35,"column":32},"end":{"line":35,"column":36}},{"start":{"line":35,"column":39},"end":{"line":35,"column":57}}],"line":35},"3":{"loc":{"start":{"line":42,"column":15},"end":{"line":42,"column":50}},"type":"cond-expr","locations":[{"start":{"line":42,"column":32},"end":{"line":42,"column":36}},{"start":{"line":42,"column":39},"end":{"line":42,"column":50}}],"line":42},"4":{"loc":{"start":{"line":49,"column":15},"end":{"line":49,"column":72}},"type":"cond-expr","locations":[{"start":{"line":49,"column":32},"end":{"line":49,"column":40}},{"start":{"line":49,"column":43},"end":{"line":49,"column":72}}],"line":49}},"s":{"0":1,"1":1,"2":1,"3":1,"4":1,"5":0,"6":1,"7":0,"8":1,"9":1,"10":1,"11":0,"12":1,"13":0,"14":1,"15":0,"16":1,"17":0,"18":1,"19":0,"20":1,"21":0,"22":1,"23":1},"f":{"0":1,"1":1,"2":0,"3":0,"4":1,"5":0,"6":0,"7":0,"8":0,"9":0,"10":0},"b":{"0":[0,0],"1":[0,0],"2":[0,0],"3":[0,0],"4":[0,0]},"inputSourceMap":{"version":3,"file":"/Users/petrborak/Documents/projects/functors/src/Maybe/index.js","sources":["/Users/petrborak/Documents/projects/functors/src/Maybe/index.js"],"names":[],"mappings":";;AAAA,gDAA+C;AAE/C;IASE,eAAY,CAAC;QACX,IAAI,CAAC,MAAM,GAAG,CAAC,CAAC;IAClB,CAAC;IAVD,sBAAI,4BAAS;aAAb;YACE,OAAO,IAAI,CAAC,MAAM,KAAK,IAAI,IAAI,IAAI,CAAC,MAAM,KAAK,SAAS,CAAC;QAC3D,CAAC;;;OAAA;IAED,sBAAI,yBAAM;aAAV;YACE,OAAO,CAAC,IAAI,CAAC,SAAS,CAAC;QACzB,CAAC;;;OAAA;IAMD,4BAA4B;IAC5B,yEAAyE;IACzE,IAAI;IAEJ,sBAAsB;IACf,QAAE,GAAT,UAAU,CAAC;QACT,OAAO,IAAI,KAAK,CAAC,CAAC,CAAC,CAAC;IACtB,CAAC;IAED,sBAAsB;IACtB,mBAAG,GAAH,UAAI,EAAE;QACJ,OAAO,IAAI,CAAC,SAAS,CAAC,CAAC,CAAC,IAAI,CAAC,CAAC,CAAC,KAAK,CAAC,EAAE,CAAC,EAAE,CAAC,IAAI,CAAC,MAAM,CAAC,CAAC,CAAC;IAC3D,CAAC;IAED,0BAA0B;IAC1B,kBAAE,GAAF,UAAG,CAAC;QACF,OAAO,IAAI,CAAC,SAAS,CAAC,CAAC,CAAC,IAAI,CAAC,CAAC,CAAC,CAAC,CAAC,GAAG,CAAC,IAAI,CAAC,MAAM,CAAC,CAAC;IACpD,CAAC;IAED,oBAAoB;IACpB,qBAAK,GAAL,UAAM,EAAE;QACN,OAAO,IAAI,CAAC,GAAG,CAAC,EAAE,CAAC,CAAC,IAAI,EAAE,CAAC;IAC7B,CAAC;IAED,oBAAI,GAAJ;QACE,OAAO,IAAI,CAAC,SAAS,CAAC,CAAC,CAAC,IAAI,CAAC,CAAC,CAAC,IAAI,CAAC,MAAM,CAAC;IAC7C,CAAC;IAED,0BAA0B;IAC1B,wBAAQ,GAAR,UAAS,EAAE;QACT,OAAO,IAAI,CAAC,QAAQ,CAAC,EAAE,EAAE,mBAAQ,CAAC,CAAC;IACrC,CAAC;IAED,wBAAQ,GAAR,UAAS,EAAE,EAAE,EAAE;QACb,OAAO,IAAI,CAAC,SAAS,CAAC,CAAC,CAAC,EAAE,CAAC,IAAI,CAAC,CAAC,CAAC,CAAC,EAAE,CAAC,IAAI,CAAC,MAAM,CAAC,CAAC,GAAG,CAAC,KAAK,CAAC,EAAE,CAAC,CAAC;IACnE,CAAC;IACH,YAAC;AAAD,CAAC,AAjDD,IAiDC;AAjDY,sBAAK","sourcesContent":["import { identity } from \"../helpers/identity\";\n\nexport class Maybe {\n  get isNothing() {\n    return this.$value === null || this.$value === undefined;\n  }\n  \n  get isJust() {\n    return !this.isNothing;\n  }\n  \n  constructor(x) {\n    this.$value = x;\n  }\n  \n  // [util.inspect.custom]() {\n  //   return this.isNothing ? 'Nothing' : `Just(${inspect(this.$value)})`;\n  // }\n  \n  // ----- Pointed Maybe\n  static of(x) {\n    return new Maybe(x);\n  }\n  \n  // ----- Functor Maybe\n  map(fn) {\n    return this.isNothing ? this : Maybe.of(fn(this.$value));\n  }\n  \n  // ----- Applicative Maybe\n  ap(f) {\n    return this.isNothing ? this : f.map(this.$value);\n  }\n  \n  // ----- Monad Maybe\n  chain(fn) {\n    return this.map(fn).join();\n  }\n  \n  join() {\n    return this.isNothing ? this : this.$value;\n  }\n  \n  // ----- Traversable Maybe\n  sequence(of) {\n    return this.traverse(of, identity);\n  }\n  \n  traverse(of, fn) {\n    return this.isNothing ? of(this) : fn(this.$value).map(Maybe.of);\n  }\n}\n"]},"_coverageSchema":"1a1c01bbd47fc00a2c39e90264f33305004495a9","hash":"7c077c7a499110f7bc6807225218ea2291f6703a","contentHash":"5b503bac1f2aa84d540792c0f8b352ed7d32dbf86620d52f87c423099c653c84"},"/Users/petrborak/Documents/projects/functors/src/helpers/reject.js":{"path":"/Users/petrborak/Documents/projects/functors/src/helpers/reject.js","statementMap":{"0":{"start":{"line":2,"column":0},"end":{"line":2,"column":62}},"1":{"start":{"line":3,"column":13},"end":{"line":3,"column":31}},"2":{"start":{"line":5,"column":0},"end":{"line":5,"column":66}},"3":{"start":{"line":5,"column":32},"end":{"line":5,"column":63}}},"fnMap":{"0":{"name":"(anonymous_0)","decl":{"start":{"line":5,"column":17},"end":{"line":5,"column":18}},"loc":{"start":{"line":5,"column":30},"end":{"line":5,"column":65}},"line":5}},"branchMap":{},"s":{"0":1,"1":1,"2":1,"3":0},"f":{"0":0},"b":{},"inputSourceMap":{"version":3,"file":"/Users/petrborak/Documents/projects/functors/src/helpers/reject.js","sources":["/Users/petrborak/Documents/projects/functors/src/helpers/reject.js"],"names":[],"mappings":";;AAAA,gCAA+B;AAE/B,0BAA0B;AACb,QAAA,MAAM,GAAG,UAAA,CAAC,IAAI,OAAA,WAAI,CAAC,QAAQ,CAAC,CAAC,CAAC,EAAhB,CAAgB,CAAC","sourcesContent":["import { Task } from '../Task';\n\n// reject :: a -> Task a b\nexport const reject = a => Task.rejected(a);\n"]},"_coverageSchema":"1a1c01bbd47fc00a2c39e90264f33305004495a9","hash":"7d3ca260bcbf18aaf766e6490a365c18d4911e0e","contentHash":"a2f6a458c1929a5def8063df9ff31bbdd63b3db34b12bcc2c3b558f57314c6e5"},"/Users/petrborak/Documents/projects/functors/src/Task/index.js":{"path":"/Users/petrborak/Documents/projects/functors/src/Task/index.js","statementMap":{"0":{"start":{"line":2,"column":0},"end":{"line":2,"column":62}},"1":{"start":{"line":3,"column":10},"end":{"line":3,"column":27}},"2":{"start":{"line":4,"column":0},"end":{"line":4,"column":101}},"3":{"start":{"line":4,"column":42},"end":{"line":4,"column":98}},"4":{"start":{"line":4,"column":78},"end":{"line":4,"column":95}},"5":{"start":{"line":5,"column":26},"end":{"line":37,"column":3}},"6":{"start":{"line":7,"column":8},"end":{"line":7,"column":25}},"7":{"start":{"line":12,"column":4},"end":{"line":14,"column":6}},"8":{"start":{"line":13,"column":8},"end":{"line":13,"column":53}},"9":{"start":{"line":16,"column":4},"end":{"line":18,"column":6}},"10":{"start":{"line":17,"column":8},"end":{"line":17,"column":70}},"11":{"start":{"line":17,"column":48},"end":{"line":17,"column":66}},"12":{"start":{"line":20,"column":4},"end":{"line":23,"column":6}},"13":{"start":{"line":21,"column":20},"end":{"line":21,"column":24}},"14":{"start":{"line":22,"column":8},"end":{"line":22,"column":109}},"15":{"start":{"line":22,"column":53},"end":{"line":22,"column":105}},"16":{"start":{"line":25,"column":4},"end":{"line":27,"column":6}},"17":{"start":{"line":26,"column":8},"end":{"line":26,"column":63}},"18":{"start":{"line":26,"column":42},"end":{"line":26,"column":59}},"19":{"start":{"line":29,"column":4},"end":{"line":32,"column":6}},"20":{"start":{"line":30,"column":20},"end":{"line":30,"column":24}},"21":{"start":{"line":31,"column":8},"end":{"line":31,"column":137}},"22":{"start":{"line":31,"column":53},"end":{"line":31,"column":133}},"23":{"start":{"line":31,"column":94},"end":{"line":31,"column":129}},"24":{"start":{"line":33,"column":4},"end":{"line":35,"column":6}},"25":{"start":{"line":34,"column":8},"end":{"line":34,"column":40}},"26":{"start":{"line":36,"column":4},"end":{"line":36,"column":16}},"27":{"start":{"line":38,"column":0},"end":{"line":38,"column":20}}},"fnMap":{"0":{"name":"(anonymous_0)","decl":{"start":{"line":4,"column":27},"end":{"line":4,"column":28}},"loc":{"start":{"line":4,"column":40},"end":{"line":4,"column":100}},"line":4},"1":{"name":"(anonymous_1)","decl":{"start":{"line":4,"column":49},"end":{"line":4,"column":50}},"loc":{"start":{"line":4,"column":76},"end":{"line":4,"column":97}},"line":4},"2":{"name":"(anonymous_2)","decl":{"start":{"line":5,"column":26},"end":{"line":5,"column":27}},"loc":{"start":{"line":5,"column":38},"end":{"line":37,"column":1}},"line":5},"3":{"name":"Task","decl":{"start":{"line":6,"column":13},"end":{"line":6,"column":17}},"loc":{"start":{"line":6,"column":24},"end":{"line":8,"column":5}},"line":6},"4":{"name":"(anonymous_4)","decl":{"start":{"line":12,"column":20},"end":{"line":12,"column":21}},"loc":{"start":{"line":12,"column":33},"end":{"line":14,"column":5}},"line":12},"5":{"name":"(anonymous_5)","decl":{"start":{"line":16,"column":14},"end":{"line":16,"column":15}},"loc":{"start":{"line":16,"column":27},"end":{"line":18,"column":5}},"line":16},"6":{"name":"(anonymous_6)","decl":{"start":{"line":17,"column":24},"end":{"line":17,"column":25}},"loc":{"start":{"line":17,"column":46},"end":{"line":17,"column":68}},"line":17},"7":{"name":"(anonymous_7)","decl":{"start":{"line":20,"column":25},"end":{"line":20,"column":26}},"loc":{"start":{"line":20,"column":39},"end":{"line":23,"column":5}},"line":20},"8":{"name":"(anonymous_8)","decl":{"start":{"line":22,"column":24},"end":{"line":22,"column":25}},"loc":{"start":{"line":22,"column":51},"end":{"line":22,"column":107}},"line":22},"9":{"name":"(anonymous_9)","decl":{"start":{"line":25,"column":24},"end":{"line":25,"column":25}},"loc":{"start":{"line":25,"column":37},"end":{"line":27,"column":5}},"line":25},"10":{"name":"(anonymous_10)","decl":{"start":{"line":26,"column":26},"end":{"line":26,"column":27}},"loc":{"start":{"line":26,"column":40},"end":{"line":26,"column":61}},"line":26},"11":{"name":"(anonymous_11)","decl":{"start":{"line":29,"column":27},"end":{"line":29,"column":28}},"loc":{"start":{"line":29,"column":41},"end":{"line":32,"column":5}},"line":29},"12":{"name":"(anonymous_12)","decl":{"start":{"line":31,"column":24},"end":{"line":31,"column":25}},"loc":{"start":{"line":31,"column":51},"end":{"line":31,"column":135}},"line":31},"13":{"name":"(anonymous_13)","decl":{"start":{"line":31,"column":79},"end":{"line":31,"column":80}},"loc":{"start":{"line":31,"column":92},"end":{"line":31,"column":131}},"line":31},"14":{"name":"(anonymous_14)","decl":{"start":{"line":33,"column":26},"end":{"line":33,"column":27}},"loc":{"start":{"line":33,"column":38},"end":{"line":35,"column":5}},"line":33}},"branchMap":{},"s":{"0":1,"1":1,"2":1,"3":3,"4":2,"5":1,"6":46,"7":1,"8":2,"9":1,"10":2,"11":1,"12":1,"13":7,"14":7,"15":6,"16":1,"17":4,"18":3,"19":1,"20":8,"21":8,"22":5,"23":5,"24":1,"25":2,"26":1,"27":1},"f":{"0":3,"1":2,"2":1,"3":46,"4":2,"5":2,"6":1,"7":7,"8":6,"9":4,"10":3,"11":8,"12":5,"13":5,"14":2},"b":{},"inputSourceMap":{"version":3,"file":"/Users/petrborak/Documents/projects/functors/src/Task/index.js","sources":["/Users/petrborak/Documents/projects/functors/src/Task/index.js"],"names":[],"mappings":";;AAAA,4BAAkD;AAErC,QAAA,gBAAgB,GAAG,UAAC,CAAC,IAAK,OAAA,UAAC,MAAM,EAAE,OAAO,IAAK,OAAA,MAAM,CAAC,CAAC,CAAC,EAAT,CAAS,EAA9B,CAA8B,CAAC;AAEtE;IACE,cAAY,IAAI;QACd,IAAI,CAAC,IAAI,GAAG,IAAI,CAAC;IACnB,CAAC;IAED,4BAA4B;IAC5B,sBAAsB;IACtB,IAAI;IAEG,aAAQ,GAAf,UAAgB,CAAC;QACf,OAAO,IAAI,IAAI,CAAC,wBAAgB,CAAC,CAAC,CAAC,CAAC,CAAC;IACvC,CAAC;IAED,yBAAyB;IAClB,OAAE,GAAT,UAAU,CAAC;QACT,OAAO,IAAI,IAAI,CAAC,UAAC,CAAC,EAAE,OAAO,IAAK,OAAA,OAAO,CAAC,CAAC,CAAC,EAAV,CAAU,CAAC,CAAC;IAC9C,CAAC;IAED,yBAAyB;IACzB,kBAAG,GAAH,UAAI,EAAE;QAAN,iBAEC;QADC,OAAO,IAAI,IAAI,CAAC,UAAC,MAAM,EAAE,OAAO,IAAK,OAAA,KAAI,CAAC,IAAI,CAAC,MAAM,EAAE,WAAO,CAAC,OAAO,EAAE,EAAE,CAAC,CAAC,EAAvC,CAAuC,CAAC,CAAC;IAChF,CAAC;IAED,6BAA6B;IAC7B,iBAAE,GAAF,UAAG,CAAC;QACF,OAAO,IAAI,CAAC,KAAK,CAAC,UAAA,EAAE,IAAI,OAAA,CAAC,CAAC,GAAG,CAAC,EAAE,CAAC,EAAT,CAAS,CAAC,CAAC;IACrC,CAAC;IAED,uBAAuB;IACvB,oBAAK,GAAL,UAAM,EAAE;QAAR,iBAEC;QADC,OAAO,IAAI,IAAI,CAAC,UAAC,MAAM,EAAE,OAAO,IAAK,OAAA,KAAI,CAAC,IAAI,CAAC,MAAM,EAAE,UAAA,CAAC,IAAI,OAAA,EAAE,CAAC,CAAC,CAAC,CAAC,IAAI,CAAC,MAAM,EAAE,OAAO,CAAC,EAA3B,CAA2B,CAAC,EAAnD,CAAmD,CAAC,CAAC;IAC5F,CAAC;IAED,mBAAI,GAAJ;QACE,OAAO,IAAI,CAAC,KAAK,CAAC,YAAQ,CAAC,CAAC;IAC9B,CAAC;IACH,WAAC;AAAD,CAAC,AApCD,IAoCC;AApCY,oBAAI","sourcesContent":["import { compose, identity, curry } from '../../';\n\nexport const rejectedCallback = (x) => (reject, resolve) => reject(x);\n\nexport class Task {\n  constructor(fork) {\n    this.fork = fork;\n  }\n  \n  // [util.inspect.custom]() {\n  //   return 'Task(?)';\n  // }\n  \n  static rejected(x) {\n    return new Task(rejectedCallback(x));\n  }\n  \n  // ----- Pointed (Task a)\n  static of(x) {\n    return new Task((_, resolve) => resolve(x));\n  }\n  \n  // ----- Functor (Task a)\n  map(fn) {\n    return new Task((reject, resolve) => this.fork(reject, compose(resolve, fn)));\n  }\n  \n  // ----- Applicative (Task a)\n  ap(f) {\n    return this.chain(fn => f.map(fn));\n  }\n  \n  // ----- Monad (Task a)\n  chain(fn) {\n    return new Task((reject, resolve) => this.fork(reject, x => fn(x).fork(reject, resolve)));\n  }\n  \n  join() {\n    return this.chain(identity);\n  }\n}\n"]},"_coverageSchema":"1a1c01bbd47fc00a2c39e90264f33305004495a9","hash":"16edbc046c3f548a22dabeb00d9a38fc0eadb5f8","contentHash":"49ecfcef902a001ce31620a6e87ca061059cd240a3f18a26a9e15d106d74ab58"},"/Users/petrborak/Documents/projects/functors/src/helpers/pointfree-utilities/index.js":{"path":"/Users/petrborak/Documents/projects/functors/src/helpers/pointfree-utilities/index.js","statementMap":{"0":{"start":{"line":3,"column":4},"end":{"line":3,"column":71}},"1":{"start":{"line":3,"column":21},"end":{"line":3,"column":71}},"2":{"start":{"line":3,"column":53},"end":{"line":3,"column":71}},"3":{"start":{"line":5,"column":0},"end":{"line":5,"column":62}},"4":{"start":{"line":6,"column":0},"end":{"line":6,"column":27}},"5":{"start":{"line":7,"column":0},"end":{"line":7,"column":30}},"6":{"start":{"line":8,"column":0},"end":{"line":8,"column":29}},"7":{"start":{"line":9,"column":0},"end":{"line":9,"column":30}},"8":{"start":{"line":10,"column":0},"end":{"line":10,"column":26}},"9":{"start":{"line":11,"column":0},"end":{"line":11,"column":30}},"10":{"start":{"line":12,"column":0},"end":{"line":12,"column":28}},"11":{"start":{"line":13,"column":0},"end":{"line":13,"column":31}},"12":{"start":{"line":14,"column":0},"end":{"line":14,"column":28}},"13":{"start":{"line":15,"column":0},"end":{"line":15,"column":35}},"14":{"start":{"line":16,"column":0},"end":{"line":16,"column":28}},"15":{"start":{"line":17,"column":0},"end":{"line":17,"column":28}},"16":{"start":{"line":18,"column":0},"end":{"line":18,"column":27}},"17":{"start":{"line":19,"column":0},"end":{"line":19,"column":29}},"18":{"start":{"line":20,"column":0},"end":{"line":20,"column":28}},"19":{"start":{"line":21,"column":0},"end":{"line":21,"column":30}},"20":{"start":{"line":22,"column":0},"end":{"line":22,"column":31}},"21":{"start":{"line":23,"column":0},"end":{"line":23,"column":31}},"22":{"start":{"line":24,"column":0},"end":{"line":24,"column":32}},"23":{"start":{"line":25,"column":0},"end":{"line":25,"column":32}},"24":{"start":{"line":26,"column":0},"end":{"line":26,"column":32}},"25":{"start":{"line":27,"column":0},"end":{"line":27,"column":32}},"26":{"start":{"line":28,"column":0},"end":{"line":28,"column":30}},"27":{"start":{"line":29,"column":0},"end":{"line":29,"column":29}},"28":{"start":{"line":30,"column":0},"end":{"line":30,"column":28}},"29":{"start":{"line":31,"column":0},"end":{"line":31,"column":35}},"30":{"start":{"line":32,"column":0},"end":{"line":32,"column":35}},"31":{"start":{"line":33,"column":0},"end":{"line":33,"column":32}},"32":{"start":{"line":34,"column":0},"end":{"line":34,"column":39}}},"fnMap":{"0":{"name":"__export","decl":{"start":{"line":2,"column":9},"end":{"line":2,"column":17}},"loc":{"start":{"line":2,"column":21},"end":{"line":4,"column":1}},"line":2}},"branchMap":{"0":{"loc":{"start":{"line":3,"column":21},"end":{"line":3,"column":71}},"type":"if","locations":[{"start":{"line":3,"column":21},"end":{"line":3,"column":71}},{"start":{"line":3,"column":21},"end":{"line":3,"column":71}}],"line":3}},"s":{"0":29,"1":29,"2":29,"3":1,"4":1,"5":1,"6":1,"7":1,"8":1,"9":1,"10":1,"11":1,"12":1,"13":1,"14":1,"15":1,"16":1,"17":1,"18":1,"19":1,"20":1,"21":1,"22":1,"23":1,"24":1,"25":1,"26":1,"27":1,"28":1,"29":1,"30":1,"31":1,"32":1},"f":{"0":29},"b":{"0":[29,0]},"inputSourceMap":{"version":3,"file":"/Users/petrborak/Documents/projects/functors/src/helpers/pointfree-utilities/index.js","sources":["/Users/petrborak/Documents/projects/functors/src/helpers/pointfree-utilities/index.js"],"names":[],"mappings":";;;;;AAAA,2BAAsB;AACtB,8BAAyB;AACzB,6BAAwB;AACxB,8BAAyB;AACzB,0BAAqB;AACrB,8BAAyB;AACzB,4BAAuB;AACvB,+BAA0B;AAC1B,4BAAuB;AACvB,mCAA8B;AAC9B,4BAAuB;AACvB,4BAAuB;AACvB,2BAAsB;AACtB,6BAAwB;AACxB,4BAAuB;AACvB,8BAAyB;AACzB,+BAA0B;AAC1B,+BAA0B;AAC1B,gCAA2B;AAC3B,gCAA2B;AAC3B,gCAA2B;AAC3B,gCAA2B;AAC3B,8BAAyB;AACzB,6BAAwB;AACxB,4BAAuB;AACvB,mCAA8B;AAE9B,mCAA8B;AAC9B,gCAA2B;AAC3B,uCAAkC","sourcesContent":["export * from './add';\nexport * from './append';\nexport * from './chain';\nexport * from './concat';\nexport * from './eq';\nexport * from './filter';\nexport * from './flip';\nexport * from './forEach';\nexport * from './head';\nexport * from './intercalate';\nexport * from './join';\nexport * from './last';\nexport * from './map';\nexport * from './match';\nexport * from './prop';\nexport * from './reduce';\nexport * from './replace';\nexport * from './reverse';\nexport * from './safeHead';\nexport * from './safeLast';\nexport * from './safeProp';\nexport * from './sequence';\nexport * from './sortBy';\nexport * from './split';\nexport * from './take';\nexport * from './toLowerCase';\nexport * from './toString';\nexport * from './toUpperCase';\nexport * from './traverse';\nexport * from './unsafePerformIO';\n"]},"_coverageSchema":"1a1c01bbd47fc00a2c39e90264f33305004495a9","hash":"2e116b6e9744619e0545a6f9df822fc7e340274f","contentHash":"ecf8b0a3b1f82d22b80ed3cdd62576922c1799fd9e5703ac8713681517da06cf"},"/Users/petrborak/Documents/projects/functors/src/helpers/pointfree-utilities/add.js":{"path":"/Users/petrborak/Documents/projects/functors/src/helpers/pointfree-utilities/add.js","statementMap":{"0":{"start":{"line":2,"column":0},"end":{"line":2,"column":62}},"1":{"start":{"line":3,"column":14},"end":{"line":3,"column":33}},"2":{"start":{"line":5,"column":0},"end":{"line":5,"column":63}},"3":{"start":{"line":5,"column":46},"end":{"line":5,"column":59}}},"fnMap":{"0":{"name":"(anonymous_0)","decl":{"start":{"line":5,"column":28},"end":{"line":5,"column":29}},"loc":{"start":{"line":5,"column":44},"end":{"line":5,"column":61}},"line":5}},"branchMap":{},"s":{"0":1,"1":1,"2":1,"3":0},"f":{"0":0},"b":{},"inputSourceMap":{"version":3,"file":"/Users/petrborak/Documents/projects/functors/src/helpers/pointfree-utilities/add.js","sources":["/Users/petrborak/Documents/projects/functors/src/helpers/pointfree-utilities/add.js"],"names":[],"mappings":";;AAAA,kCAAiC;AAEjC,oCAAoC;AACvB,QAAA,GAAG,GAAG,aAAK,CAAC,UAAC,CAAC,EAAE,CAAC,IAAK,OAAA,CAAC,GAAG,CAAC,EAAL,CAAK,CAAC,CAAC","sourcesContent":["import { curry } from '../curry';\n\n// add :: Number -> Number -> Number\nexport const add = curry((a, b) => a + b);\n\n"]},"_coverageSchema":"1a1c01bbd47fc00a2c39e90264f33305004495a9","hash":"57b1e70800c4783ed082b2442003e83c04b553f3","contentHash":"34bbf164678841232c94f5d992a3db0150229f4c96607c4a85605d39ee658e75"},"/Users/petrborak/Documents/projects/functors/src/helpers/pointfree-utilities/append.js":{"path":"/Users/petrborak/Documents/projects/functors/src/helpers/pointfree-utilities/append.js","statementMap":{"0":{"start":{"line":2,"column":0},"end":{"line":2,"column":62}},"1":{"start":{"line":3,"column":13},"end":{"line":3,"column":30}},"2":{"start":{"line":4,"column":15},"end":{"line":4,"column":34}},"3":{"start":{"line":6,"column":0},"end":{"line":6,"column":46}}},"fnMap":{},"branchMap":{},"s":{"0":1,"1":1,"2":1,"3":1},"f":{},"b":{},"inputSourceMap":{"version":3,"file":"/Users/petrborak/Documents/projects/functors/src/helpers/pointfree-utilities/append.js","sources":["/Users/petrborak/Documents/projects/functors/src/helpers/pointfree-utilities/append.js"],"names":[],"mappings":";;AAAA,+BAA8B;AAC9B,mCAAkC;AAElC,uCAAuC;AAC1B,QAAA,MAAM,GAAG,WAAI,CAAC,eAAM,CAAC,CAAC","sourcesContent":["import { flip } from './flip';\nimport { concat } from './concat';\n\n// append :: String -> String -> String\nexport const append = flip(concat);\n"]},"_coverageSchema":"1a1c01bbd47fc00a2c39e90264f33305004495a9","hash":"0e20116ca677d3636a987e0442aa94b6e2ac49f8","contentHash":"2004a218e97a7c03f6f325599b3cd9bbf2c2ad2111c2d7fa605718f38c78998f"},"/Users/petrborak/Documents/projects/functors/src/helpers/pointfree-utilities/flip.js":{"path":"/Users/petrborak/Documents/projects/functors/src/helpers/pointfree-utilities/flip.js","statementMap":{"0":{"start":{"line":2,"column":0},"end":{"line":2,"column":62}},"1":{"start":{"line":3,"column":14},"end":{"line":3,"column":33}},"2":{"start":{"line":5,"column":0},"end":{"line":5,"column":71}},"3":{"start":{"line":5,"column":51},"end":{"line":5,"column":67}}},"fnMap":{"0":{"name":"(anonymous_0)","decl":{"start":{"line":5,"column":29},"end":{"line":5,"column":30}},"loc":{"start":{"line":5,"column":49},"end":{"line":5,"column":69}},"line":5}},"branchMap":{},"s":{"0":1,"1":1,"2":1,"3":0},"f":{"0":0},"b":{},"inputSourceMap":{"version":3,"file":"/Users/petrborak/Documents/projects/functors/src/helpers/pointfree-utilities/flip.js","sources":["/Users/petrborak/Documents/projects/functors/src/helpers/pointfree-utilities/flip.js"],"names":[],"mappings":";;AAAA,kCAAiC;AAEjC,uCAAuC;AAC1B,QAAA,IAAI,GAAG,aAAK,CAAC,UAAC,EAAE,EAAE,CAAC,EAAE,CAAC,IAAK,OAAA,EAAE,CAAC,CAAC,EAAE,CAAC,CAAC,EAAR,CAAQ,CAAC,CAAC","sourcesContent":["import { curry } from '../curry';\n\n// flip :: (a -> b -> c) -> b -> a -> c\nexport const flip = curry((fn, a, b) => fn(b, a));\n"]},"_coverageSchema":"1a1c01bbd47fc00a2c39e90264f33305004495a9","hash":"482aa4d10ec0bd42ad83495f17f342b1fdbc86d1","contentHash":"f595df077b905cb9dd78f1161466da548071a55cf7abb19c01fd9e23ed6bbb16"},"/Users/petrborak/Documents/projects/functors/src/helpers/pointfree-utilities/concat.js":{"path":"/Users/petrborak/Documents/projects/functors/src/helpers/pointfree-utilities/concat.js","statementMap":{"0":{"start":{"line":2,"column":0},"end":{"line":2,"column":62}},"1":{"start":{"line":3,"column":14},"end":{"line":3,"column":33}},"2":{"start":{"line":5,"column":0},"end":{"line":5,"column":72}},"3":{"start":{"line":5,"column":49},"end":{"line":5,"column":68}}},"fnMap":{"0":{"name":"(anonymous_0)","decl":{"start":{"line":5,"column":31},"end":{"line":5,"column":32}},"loc":{"start":{"line":5,"column":47},"end":{"line":5,"column":70}},"line":5}},"branchMap":{},"s":{"0":1,"1":1,"2":1,"3":0},"f":{"0":0},"b":{},"inputSourceMap":{"version":3,"file":"/Users/petrborak/Documents/projects/functors/src/helpers/pointfree-utilities/concat.js","sources":["/Users/petrborak/Documents/projects/functors/src/helpers/pointfree-utilities/concat.js"],"names":[],"mappings":";;AAAA,kCAAiC;AAEjC,uCAAuC;AAC1B,QAAA,MAAM,GAAG,aAAK,CAAC,UAAC,CAAC,EAAE,CAAC,IAAK,OAAA,CAAC,CAAC,MAAM,CAAC,CAAC,CAAC,EAAX,CAAW,CAAC,CAAC","sourcesContent":["import { curry } from '../curry';\n\n// concat :: String -> String -> String\nexport const concat = curry((a, b) => a.concat(b));\n"]},"_coverageSchema":"1a1c01bbd47fc00a2c39e90264f33305004495a9","hash":"703acfd24681c5d215bb89b84a7ca23bfe355353","contentHash":"6f31315eee2effd8e33aac0ba34112e683a16a374e5533b55c928399c1a04557"},"/Users/petrborak/Documents/projects/functors/src/helpers/pointfree-utilities/chain.js":{"path":"/Users/petrborak/Documents/projects/functors/src/helpers/pointfree-utilities/chain.js","statementMap":{"0":{"start":{"line":2,"column":0},"end":{"line":2,"column":62}},"1":{"start":{"line":3,"column":14},"end":{"line":3,"column":33}},"2":{"start":{"line":5,"column":0},"end":{"line":5,"column":72}},"3":{"start":{"line":5,"column":49},"end":{"line":5,"column":68}}},"fnMap":{"0":{"name":"(anonymous_0)","decl":{"start":{"line":5,"column":30},"end":{"line":5,"column":31}},"loc":{"start":{"line":5,"column":47},"end":{"line":5,"column":70}},"line":5}},"branchMap":{},"s":{"0":1,"1":1,"2":1,"3":2},"f":{"0":2},"b":{},"inputSourceMap":{"version":3,"file":"/Users/petrborak/Documents/projects/functors/src/helpers/pointfree-utilities/chain.js","sources":["/Users/petrborak/Documents/projects/functors/src/helpers/pointfree-utilities/chain.js"],"names":[],"mappings":";;AAAA,kCAAiC;AAEjC,+CAA+C;AAClC,QAAA,KAAK,GAAG,aAAK,CAAC,UAAC,EAAE,EAAE,CAAC,IAAK,OAAA,CAAC,CAAC,KAAK,CAAC,EAAE,CAAC,EAAX,CAAW,CAAC,CAAC","sourcesContent":["import { curry } from '../curry';\n\n// chain :: Monad m => (a -> m b) -> m a -> m b\nexport const chain = curry((fn, m) => m.chain(fn));\n"]},"_coverageSchema":"1a1c01bbd47fc00a2c39e90264f33305004495a9","hash":"47d075ad712fb1286ca9f345e0ceae042ef9690c","contentHash":"b1a0314e10e1f59eea48df7dc9c67656898c8d57b71a5fe7ea3c193e9f37132b"},"/Users/petrborak/Documents/projects/functors/src/helpers/pointfree-utilities/eq.js":{"path":"/Users/petrborak/Documents/projects/functors/src/helpers/pointfree-utilities/eq.js","statementMap":{"0":{"start":{"line":2,"column":0},"end":{"line":2,"column":62}},"1":{"start":{"line":3,"column":14},"end":{"line":3,"column":33}},"2":{"start":{"line":5,"column":0},"end":{"line":5,"column":64}},"3":{"start":{"line":5,"column":45},"end":{"line":5,"column":60}}},"fnMap":{"0":{"name":"(anonymous_0)","decl":{"start":{"line":5,"column":27},"end":{"line":5,"column":28}},"loc":{"start":{"line":5,"column":43},"end":{"line":5,"column":62}},"line":5}},"branchMap":{},"s":{"0":1,"1":1,"2":1,"3":0},"f":{"0":0},"b":{},"inputSourceMap":{"version":3,"file":"/Users/petrborak/Documents/projects/functors/src/helpers/pointfree-utilities/eq.js","sources":["/Users/petrborak/Documents/projects/functors/src/helpers/pointfree-utilities/eq.js"],"names":[],"mappings":";;AAAA,kCAAiC;AAEjC,kCAAkC;AACrB,QAAA,EAAE,GAAG,aAAK,CAAC,UAAC,CAAC,EAAE,CAAC,IAAK,OAAA,CAAC,KAAK,CAAC,EAAP,CAAO,CAAC,CAAC","sourcesContent":["import { curry } from '../curry';\n\n// eq :: Eq a => a -> a -> Boolean\nexport const eq = curry((a, b) => a === b);\n"]},"_coverageSchema":"1a1c01bbd47fc00a2c39e90264f33305004495a9","hash":"4cd3db53bde69717cbb646279a81171547b457fa","contentHash":"ddb1a1435c181c8a105b39cfa8e15007d3621dd846bd8ad04eba2e213f5a9cc9"},"/Users/petrborak/Documents/projects/functors/src/helpers/pointfree-utilities/filter.js":{"path":"/Users/petrborak/Documents/projects/functors/src/helpers/pointfree-utilities/filter.js","statementMap":{"0":{"start":{"line":2,"column":0},"end":{"line":2,"column":62}},"1":{"start":{"line":3,"column":14},"end":{"line":3,"column":33}},"2":{"start":{"line":5,"column":0},"end":{"line":5,"column":76}},"3":{"start":{"line":5,"column":51},"end":{"line":5,"column":72}}},"fnMap":{"0":{"name":"(anonymous_0)","decl":{"start":{"line":5,"column":31},"end":{"line":5,"column":32}},"loc":{"start":{"line":5,"column":49},"end":{"line":5,"column":74}},"line":5}},"branchMap":{},"s":{"0":1,"1":1,"2":1,"3":0},"f":{"0":0},"b":{},"inputSourceMap":{"version":3,"file":"/Users/petrborak/Documents/projects/functors/src/helpers/pointfree-utilities/filter.js","sources":["/Users/petrborak/Documents/projects/functors/src/helpers/pointfree-utilities/filter.js"],"names":[],"mappings":";;AAAA,kCAAiC;AAEjC,yCAAyC;AAC5B,QAAA,MAAM,GAAG,aAAK,CAAC,UAAC,EAAE,EAAE,EAAE,IAAK,OAAA,EAAE,CAAC,MAAM,CAAC,EAAE,CAAC,EAAb,CAAa,CAAC,CAAC","sourcesContent":["import { curry } from '../curry';\n\n// filter :: (a -> Boolean) -> [a] -> [a]\nexport const filter = curry((fn, xs) => xs.filter(fn));\n"]},"_coverageSchema":"1a1c01bbd47fc00a2c39e90264f33305004495a9","hash":"2d308ab94dafd28d9a3b3bc6f7435af946fa1993","contentHash":"f097742633d3e336595542108773842ab4aafa27c3b8b2a5daad4c9359a3f51e"},"/Users/petrborak/Documents/projects/functors/src/helpers/pointfree-utilities/forEach.js":{"path":"/Users/petrborak/Documents/projects/functors/src/helpers/pointfree-utilities/forEach.js","statementMap":{"0":{"start":{"line":2,"column":0},"end":{"line":2,"column":62}},"1":{"start":{"line":3,"column":14},"end":{"line":3,"column":33}},"2":{"start":{"line":5,"column":0},"end":{"line":5,"column":78}},"3":{"start":{"line":5,"column":52},"end":{"line":5,"column":74}}},"fnMap":{"0":{"name":"(anonymous_0)","decl":{"start":{"line":5,"column":32},"end":{"line
[...]
EAAE,CAAC,KAAK,CAAC,aAAa,CAAC,CAAC;YAClC,IAAI,EAAE,CAAC;QACT,CAAC,EAAE,IAAI,CAAC,CAAA;IACV,CAAC,CAAC,CAAC;IAEH,EAAE,CAAC,iCAAiC,EAAE;QACpC,IAAM,IAAI,GAAG,YAAI,CAAC,QAAQ,CAAC,GAAG,CAAC,CAAA;QAC/B,aAAM,CAAC,IAAI,EAAC,+BAA+B,CAAC,CAAC,EAAE,CAAC,EAAE,CAAC,CAAC,CAAC,QAAQ,CAAC,CAAA;IAChE,CAAC,CAAC,CAAC;IAEH,EAAE,CAAC,sDAAsD,EAAE;QACzD,IAAM,OAAO,GAAG,cAAI,CAAC,GAAG,EAAE,CAAC;QAC3B,IAAM,MAAM,GAAG,cAAI,CAAC,GAAG,EAAE,CAAC;QAC1B,IAAM,QAAQ,GAAG,wBAAgB,CAAC,MAAM,CAAC,CAAC;QAC1C,IAAM,cAAc,GAAG,QAAQ,CAAC,MAAM,EAAE,OAAO,CAAC,CAAA;QAChD,aAAM,CAAC,MAAM,EAAC,+BAA+B,CAAC,CAAC,EAAE,CAAC,IAAI,CAAC,IAAI,CAAC,MAAM,CAAC,IAAI,CAAC,MAAM,CAAC,CAAC;IAClF,CAAC,CAAC,CAAC;IAEH,EAAE,CAAC,uDAAuD,EAAE;QAC1D,IAAM,OAAO,GAAG,cAAI,CAAC,GAAG,EAAE,CAAC;QAC3B,IAAM,MAAM,GAAG,cAAI,CAAC,GAAG,EAAE,CAAC;QAC1B,IAAM,UAAU,GAAG,YAAI,CAAC,QAAQ,CAAC,MAAM,CAAC,CAAC;QACzC,UAAU,CAAC,IAAI,CAAC,MAAM,EAAE,OAAO,CAAC,CAAA;QAChC,aAAM,CAAC,MAAM,EAAC,+BAA+B,CAAC,CAAC,EAAE,CAAC,IAAI,CAAC,IAAI,CAAC,MAAM,CAAC,IAAI,CAAC,MAAM,CAAC,CAAC;IAClF,CAAC,CAAC,CAAC;IAEH,EAAE,CAAC,4BAA4B,EAAE;QAC/B,IAAM,OAAO,GAAG,cAAI,CAAC,GAAG,EAAE,CAAC;QAC3B,IAAM,MAAM,GAAG,cAAI,CAAC,GAAG,EAAE,CAAC;QAC1B,IAAM,UAAU,GAAG,YAAI,CAAC,EAAE,CAAC,GAAG,CAAC,CAAC;QAChC,aAAM,CAAC,UAAU,EAAC,0CAA0C,CAAC,CAAC,EAAE,CAAC,EAAE,CAAC,UAAU,CAAC,YAAI,CAAC,CAAA;IACtF,CAAC,CAAC,CAAC;IAEH,EAAE,CAAC,0CAA0C,EAAE;QAC7C,IAAM,OAAO,GAAG,cAAI,CAAC,GAAG,EAAE,CAAC;QAC3B,IAAM,MAAM,GAAG,cAAI,CAAC,GAAG,EAAE,CAAC;QAC1B,IAAM,YAAY,GAAG,YAAI,CAAC,EAAE,CAAC,GAAG,CAAC,CAAC;QAClC,YAAY,CAAC,IAAI,CAAC,MAAM,EAAE,OAAO,CAAC,CAAC;QACnC,aAAM,CAAC,OAAO,EAAC,0CAA0C,CAAC,CAAC,EAAE,CAAC,IAAI,CAAC,IAAI,CAAC,MAAM,CAAC,IAAI,CAAC,GAAG,CAAC,CAAA;IAC1F,CAAC,CAAC,CAAC;IAEH,EAAE,CAAC,oEAAoE,EAAE;QACvE,IAAM,OAAO,GAAG,cAAI,CAAC,GAAG,EAAE,CAAC;QAC3B,IAAM,MAAM,GAAG,cAAI,CAAC,GAAG,EAAE,CAAC;QAC1B,IAAM,YAAY,GAAG,UAAC,MAAW,EAAE,OAAY,IAAK,OAAA,OAAO,CAAC,GAAG,CAAC,EAAZ,CAAY,CAAC;QACjE,IAAM,YAAY,GAAG,IAAI,YAAI,CAAC,YAAY,CAAC,CAAC;QAC5C,YAAY,CAAC,IAAI,CAAC,MAAM,EAAE,OAAO,CAAC,CAAC;QACnC,aAAM,CAAC,OAAO,EAAC,oDAAoD,CAAC,CAAC,EAAE,CAAC,IAAI,CAAC,IAAI,CAAC,MAAM,CAAC,IAAI,CAAC,GAAG,CAAC,CAAA;IACpG,CAAC,CAAC,CAAC;IAEH,EAAE,CAAC,mEAAmE,EAAE;QACtE,IAAM,OAAO,GAAG,cAAI,CAAC,GAAG,EAAE,CAAC;QAC3B,IAAM,MAAM,GAAG,cAAI,CAAC,GAAG,EAAE,CAAC;QAC1B,IAAM,YAAY,GAAG,UAAC,MAAW,EAAE,OAAY,IAAK,OAAA,MAAM,CAAC,GAAG,CAAC,EAAX,CAAW,CAAC;QAChE,IAAM,YAAY,GAAG,IAAI,YAAI,CAAC,YAAY,CAAC,CAAC;QAC5C,YAAY,CAAC,IAAI,CAAC,MAAM,EAAE,OAAO,CAAC,CAAC;QACnC,aAAM,CAAC,MAAM,EAAC,mDAAmD,CAAC,CAAC,EAAE,CAAC,IAAI,CAAC,IAAI,CAAC,MAAM,CAAC,IAAI,CAAC,GAAG,CAAC,CAAA;IAClG,CAAC,CAAC,CAAC;IAEH,EAAE,CAAC,mCAAmC,EAAE;QACtC,IAAM,YAAY,GAAG,UAAC,MAAW,EAAE,OAAY,IAAK,OAAA,GAAG,EAAH,CAAG,CAAC;QACxD,IAAM,WAAW,GAAG,cAAM,OAAA,IAAI,EAAJ,CAAI,CAAC;QAC/B,IAAM,YAAY,GAAG,IAAI,YAAI,CAAC,YAAY,CAAC,CAAC;QAC5C,IAAM,oBAAoB,GAAG,YAAY,CAAC,GAAG,CAAC,WAAW,CAAC,CAAA;QAC1D,aAAM,CAAC,oBAAoB,EAAC,uCAAuC,CAAC,CAAC,EAAE,CAAC,IAAI,CAAC,CAAC,CAAC,UAAU,CAAC,YAAI,CAAC,CAAA;IACjG,CAAC,CAAC,CAAC;IAEH,EAAE,CAAC,0DAA0D,EAAE;QAC7D,IAAM,OAAO,GAAG,cAAI,CAAC,GAAG,EAAE,CAAC;QAC3B,IAAM,MAAM,GAAG,cAAM,OAAA,IAAI,EAAJ,CAAI,CAAC;QAC1B,IAAM,YAAY,GAAG,UAAC,MAAW,EAAE,OAAY,IAAK,OAAA,OAAO,CAAC,GAAG,CAAC,EAAZ,CAAY,CAAC;QACjE,IAAM,WAAW,GAAG,cAAI,CAAC,GAAG,EAAE,CAAC;QAC/B,IAAM,YAAY,GAAG,IAAI,YAAI,CAAC,YAAY,CAAC,CAAC;QAC5C,IAAM,oBAAoB,GAAG,YAAY,CAAC,GAAG,CAAC,WAAW,CAAC,CAAC;QAC3D,oBAAoB,CAAC,IAAI,CAAC,MAAM,EAAE,OAAO,CAAC,CAAA;QAC1C,aAAM,CAAC,WAAW,EAAC,iCAAiC,CAAC,CAAC,EAAE,CAAC,IAAI,CAAC,IAAI,CAAC,MAAM,EAAE,CAAA;IAC7E,CAAC,CAAC,CAAC;IAEH,EAAE,CAAC,0DAA0D,EAAE;QAC7D,IAAM,OAAO,GAAG,cAAI,CAAC,GAAG,EAAE,CAAC;QAC3B,IAAM,MAAM,GAAG,cAAM,OAAA,IAAI,EAAJ,CAAI,CAAC;QAC1B,IAAM,YAAY,GAAG,UAAC,MAAW,EAAE,OAAY,IAAK,OAAA,OAAO,CAAC,GAAG,CAAC,EAAZ,CAAY,CAAC;QACjE,IAAM,WAAW,GAAG,cAAI,CAAC,GAAG,EAAE,CAAC;QAC/B,IAAM,YAAY,GAAG,IAAI,YAAI,CAAC,YAAY,CAAC,CAAC;QAC5C,IAAM,oBAAoB,GAAG,YAAY,CAAC,GAAG,CAAC,WAAW,CAAC,CAAC;QAC3D,oBAAoB,CAAC,IAAI,CAAC,MAAM,EAAE,OAAO,CAAC,CAAA;QAC1C,aAAM,CAAC,WAAW,EAAC,iCAAiC,CAAC,CAAC,EAAE,CAAC,IAAI,CAAC,IAAI,CAAC,MAAM,CAAC,IAAI,CAAC,GAAG,CAAC,CAAA;IACrF,CAAC,CAAC,CAAC;IAEH,EAAE,CAAC,mGAAmG,EAAE;QACtG,IAAM,OAAO,GAAG,cAAI,CAAC,GAAG,EAAE,CAAC;QAC3B,IAAM,MAAM,GAAG,cAAM,OAAA,IAAI,EAAJ,CAAI,CAAC;QAC1B,IAAM,YAAY,GAAG,UAAC,MAAW,EAAE,OAAY,IAAK,OAAA,OAAO,CAAC,GAAG,CAAC,EAAZ,CAAY,CAAC;QACjE,IAAM,WAAW,GAAG,UAAC,CAAM,IAAK,OAAA,CAAC,EAAD,CAAC,CAAC;QAClC,IAAM,YAAY,GAAG,IAAI,YAAI,CAAC,YAAY,CAAC,CAAC;QAC5C,IAAM,oBAAoB,GAAG,YAAY,CAAC,GAAG,CAAC,WAAW,CAAC,CAAC;QAC3D,oBAAoB,CAAC,IAAI,CAAC,MAAM,EAAE,OAAO,CAAC,CAAA;QAC1C,aAAM,CAAC,OAAO,EAAC,0CAA0C,CAAC,CAAC,EAAE,CAAC,IAAI,CAAC,IAAI,CAAC,MAAM,CAAC,IAAI,CAAC,GAAG,CAAC,CAAA;IAC1F,CAAC,CAAC,CAAC;IAEH,EAAE,CAAC,2BAA2B,EAAE;QAC9B,IAAM,OAAO,GAAG,cAAM,OAAA,IAAI,EAAJ,CAAI,CAAC;QAC3B,IAAM,MAAM,GAAG,cAAM,OAAA,IAAI,EAAJ,CAAI,CAAC;QAC1B,IAAM,mBAAmB,GAAG,IAAI,YAAI,CAAC,UAAC,MAAW,EAAE,OAAY,IAAK,OAAA,IAAI,EAAJ,CAAI,CAAC,CAAA;QACzE,IAAM,iBAAiB,GAAG,IAAI,YAAI,CAAC,UAAC,MAAW,EAAE,OAAY,IAAK,OAAA,IAAI,EAAJ,CAAI,CAAC,CAAA;QACvE,IAAM,iBAAiB,GAAG,mBAAmB,CAAC,EAAE,CAAC,iBAAiB,CAAC,CAAA;QACnE,aAAM,CAAC,iBAAiB,EAAC,sCAAsC,CAAC,CAAC,EAAE,CAAC,EAAE,CAAC,EAAE,CAAC,UAAU,CAAC,YAAI,CAAC,CAAA;IAC5F,CAAC,CAAC,CAAC;IAEH,EAAE,CAAC,sEAAsE,EAAE;QACzE,IAAM,oBAAoB,GAAG,cAAI,CAAC,GAAG,EAAE,CAAC;QACxC,IAAM,eAAe,GAAG,cAAM,OAAA,oBAAoB,EAApB,CAAoB,CAAC;QACnD,IAAM,YAAY,GAAG,cAAM,OAAA,GAAG,EAAH,CAAG,CAAC;QAC/B,IAAM,MAAM,GAAG,cAAM,OAAA,IAAI,EAAJ,CAAI,CAAC;QAC1B,IAAM,mBAAmB,GAAG,IAAI,YAAI,CAAC,UAAC,MAAW,EAAE,OAAY,IAAK,OAAA,OAAO,CAAC,oBAAoB,CAAC,EAA7B,CAA6B,CAAC,CAAA;QAClG,IAAM,iBAAiB,GAAG,IAAI,YAAI,CAAC,UAAC,MAAW,EAAE,OAAY,IAAK,OAAA,OAAO,CAAC,GAAG,CAAC,EAAZ,CAAY,CAAC,CAAA;QAC/E,IAAM,iBAAiB,GAAG,mBAAmB,CAAC,EAAE,CAAC,iBAAiB,CAAC,CAAA;QACnE,iBAAiB,CAAC,IAAI,CAAC,MAAM,EAAE,YAAY,CAAC,CAAA;QAC5C,aAAM,CAAC,oBAAoB,EAAC,4DAA4D,CAAC,CAAC,EAAE,CAAC,IAAI,CAAC,IAAI,CAAC,MAAM,EAAE,CAAA;IACjH,CAAC,CAAC,CAAC;IAEH,EAAE,CAAC,iDAAiD,EAAE;QACpD,IAAM,oBAAoB,GAAG,cAAI,CAAC,GAAG,EAAE,CAAC;QACxC,IAAM,eAAe,GAAG,cAAM,OAAA,oBAAoB,EAApB,CAAoB,CAAC;QACnD,IAAM,YAAY,GAAG,cAAI,CAAC,GAAG,EAAE,CAAC;QAChC,IAAM,MAAM,GAAG,cAAM,OAAA,IAAI,EAAJ,CAAI,CAAC;QAC1B,IAAM,mBAAmB,GAAG,IAAI,YAAI,CAAC,UAAC,MAAW,EAAE,OAAY,IAAK,OAAA,OAAO,CAAC,oBAAoB,CAAC,EAA7B,CAA6B,CAAC,CAAA;QAClG,IAAM,iBAAiB,GAAG,IAAI,YAAI,CAAC,UAAC,MAAW,EAAE,OAAY,IAAK,OAAA,OAAO,CAAC,GAAG,CAAC,EAAZ,CAAY,CAAC,CAAA;QAC/E,IAAM,iBAAiB,GAAG,mBAAmB,CAAC,EAAE,CAAC,iBAAiB,CAAC,CAAA;QACnE,iBAAiB,CAAC,IAAI,CAAC,MAAM,EAAE,YAAY,CAAC,CAAA;QAC5C,aAAM,CAAC,YAAY,EAAC,4DAA4D,CAAC,CAAC,EAAE,CAAC,IAAI,CAAC,IAAI,CAAC,MAAM,EAAE,CAAA;IACzG,CAAC,CAAC,CAAC;IAEH,EAAE,CAAC,iDAAiD,EAAE;QACpD,IAAM,oBAAoB,GAAG,cAAI,CAAC,GAAG,EAAE,CAAC;QACxC,IAAM,YAAY,GAAG,eAAe,CAAA;QACpC,IAAM,aAAa,GAAG,UAAC,CAAS,IAAK,OAAA,CAAC,GAAG,gBAAgB,EAApB,CAAoB,CAAC;QAC1D,IAAM,YAAY,GAAG,UAAC,CAAS,IAAK,OAAA,CAAC,GAAG,cAAc,EAAlB,CAAkB,CAAC;QACvD,IAAM,cAAc,GAAG,yCAAyC,CAAA;QAChE,IAAM,MAAM,GAAG,cAAM,OAAA,IAAI,EAAJ,CAAI,CAAC;QAC1B,IAAM,mBAAmB,GAAG,IAAI,YAAI,CAAC,UAAC,MAAW,EAAE,OAAY,IAAK,OAAA,OAAO,CAAC,aAAa,CAAC,EAAtB,CAAsB,CAAC,CAAA;QAC3F,IAAM,iBAAiB,GAAG,IAAI,YAAI,CAAC,UAAC,MAAW,EAAE,OAAY,IAAK,OAAA,OAAO,CAAC,YAAY,CAAC,EAArB,CAAqB,CAAC,CAAA;QACxF,IAAM,iBAAiB,GAAG,mBAAmB,CAAC,EAAE,CAAC,iBAAiB,CAAC,CAAA;QACnE,IAAM,WAAW,GAAG,iBAAiB,CAAC,IAAI,CAAC,MAAM,EAAE,YAAY,CAAC,CAAA;QAChE,aAAM,CAAC,WAAW,EAAC,sCAAsC,CAAC,CAAC,EAAE,CAAC,EAAE,CAAC,KAAK,CAAC,cAAc,CAAC,CAAA;IACxF,CAAC,CAAC,CAAC;IAEH,EAAE,CAAC,mCAAmC,EAAE;QACtC,IAAM,YAAY,GAAG,IAAI,YAAI,CAAC,UAAC,MAAW,EAAE,OAAY;YACtD,OAAO,CAAC,IAAI,CAAC,CAAA;QACf,CAAC,CAAC,CAAA;QACF,IAAM,iBAAiB,GAAG,aAAK,CAAC,cAAK,OAAA,IAAI,EAAJ,CAAI,CAAC,CAAC,YAAY,CAAC,CAAC;QACzD,aAAM,CAAC,iBAAiB,CAAC,CAAC,EAAE,CAAC,EAAE,CAAC,UAAU,CAAC,YAAI,CAAC,CAAA;IAClD,CAAC,CAAC,CAAC;IAEH,EAAE,CAAC,gEAAgE,EAAE;QACnE,IAAM,cAAc,GAAG,sBAAsB,CAAA;QAC7C,IAAI,WAAW,GAAG,EAAE,CAAA;QACpB,IAAM,YAAY,GAAG,IAAI,YAAI,CAAC,UAAC,MAAW,EAAE,OAAY;YACtD,OAAO,CAAC,WAAW,CAAC,CAAA;QACtB,CAAC,CAAC,CAAA;QACF,IAAM,iBAAiB,GAAG,UAAC,QAAa,IAAK,OAAA,IAAI,YAAI,CAAC,UAAC,MAAW,EAAE,OAAY,IAAK,OAAA,OAAO,CAAC,QAAQ,GAAG,aAAa,CAAC,EAAjC,CAAiC,CAAC,EAA1E,CAA0E,CAAA;QACvH,IAAM,iBAAiB,GAAG,aAAK,CAAC,iBAAiB,CAAC,CAAC,YAAY,CAAC,CAAC;QACjE,IAAM,MAAM,GAAG,iBAAiB,CAAC,IAAI,CAAC,cAAM,OAAA,IAAI,EAAJ,CAAI,EAAE,UAAC,KAAa,IAAK,OAAA,WAAW,GAAG,KAAK,EAAnB,CAAmB,CAAC,CAAA;QACzF,aAAM,CAAC,WAAW,CAAC,CAAC,EAAE,CAAC,EAAE,CAAC,KAAK,CAAC,cAAc,CAAC,CAAA;IACjD,CAAC,CAAC,CAAC;IAEH,EAAE,CAAC,8BAA8B,EAAE;QACjC,IAAM,QAAQ,GAAG,IAAI,YAAI,CAAC,UAAC,CAAC,EAAC,CAAC,IAAK,OAAA,IAAI,EAAJ,CAAI,CAAC,CAAC;QACzC,IAAM,QAAQ,GAAG,IAAI,YAAI,CAAC,UAAC,CAAC,EAAC,CAAC,IAAK,OAAA,IAAI,EAAJ,CAAI,CAAC,CAAC;QACzC,IAAM,KAAK,GAAG,QAAQ,CAAC,IAAI,EAAE,CAAC;QAC9B,aAAM,CAAC,KAAK,CAAC,CAAC,EAAE,CAAC,EAAE,CAAC,UAAU,CAAC,YAAI,CAAC,CAAA;IACtC,CAAC,CAAC,CAAC;IAEH,EAAE,CAAC,gDAAgD,EAAE;QACnD,IAAI,KAAK,GAAG,EAAE,CAAC;QACf,IAAM,QAAQ,GAAG,UAAU,CAAC;QAC5B,IAAM,KAAK,GAAG,IAAI,YAAI,CAAC,UAAC,MAAW,EAAC,OAAY,IAAK,OAAA,OAAO,CAAC,QAAQ,CAAC,EAAjB,CAAiB,CAAC,CAAC;QACxE,IAAM,QAAQ,GAAG,IAAI,YAAI,CAAC,UAAC,MAAW,EAAC,OAAY,IAAK,OAAA,OAAO,CAAC,KAAK,CAAC,EAAd,CAAc,CAAC,CAAC;QACxE,IAAM,OAAO,GAAG,UAAC,CAAS,IAAK,OAAA,KAAK,GAAG,CAAC,EAAT,CAAS,CAAC;QACzC,QAAQ,CAAC,IAAI,EAAE,CAAC,IAAI,CAAC,cAAM,OAAA,IAAI,EAAJ,CAAI,EAAE,UAAC,CAAM;YACtC,KAAK,GAAG,CAAC,CAAC;QACZ,CAAC,CAAC,CAAC;QACH,aAAM,CAAC,KAAK,CAAC,CAAC,EAAE,CAAC,KAAK,CAAC,QAAQ,CAAC,CAAA;IAClC,CAAC,CAAC,CAAC;AACL,CAAC,CAAC,CAAC","sourcesContent":["import chai, { expect } from 'chai';\nimport chaiSpies from 'chai-spies';\n\nimport { Task, rejectedCallback } from './index'\nimport { chain } from '../helpers/pointfree-utilities/chain'\n\nbefore(() => {\n  chai.use(chaiSpies);\n});\n\ndescribe('Task', function() {\n  it('callable should be imported', function() {\n    return expect(typeof Task, 'function was imported').to.be.equal('function');\n  });\n\n  it('resolve should be called in fork', function() {\n    const spy = chai.spy()\n    const task = new Task((reject: any, resolve: any) => {\n      resolve()\n    })\n    task.fork(null, spy)\n    expect(spy).to.have.been.called()\n  });\n\n  it('reject should be called in fork', function() {\n    const spy = chai.spy()\n    const task = new Task((reject: any, resolve: any) => {\n      reject()\n    })\n    task.fork(spy, null)\n    expect(spy).to.have.been.called()\n  });\n\n  it('resolve should be called in fork with value', function() {\n    const valueToReturn = 'x'\n    const spy = chai.spy()\n    const task = new Task((reject: any, resolve: any) => {\n      resolve(valueToReturn)\n    })\n    task.fork(null, spy)\n    expect(spy).to.have.been.called.with(valueToReturn)\n  });\n\n  it('reject should be called in fork with value', function() {\n    const valueToReturn = 'x'\n    const spy = chai.spy()\n    const task = new Task((reject: any, resolve: any) => {\n      reject(valueToReturn)\n    })\n    task.fork(spy, null)\n    expect(spy).to.have.been.called.with(valueToReturn)\n  });\n\n  it('resolve should be called in fork with value in async fork', function(done) {\n    const valueToReturn = 'x'\n    const task = new Task((reject: any, resolve: any) => {\n      setTimeout(() => {\n        resolve(valueToReturn);\n      },0)\n    })\n    task.fork(null, (x: string) => {\n      expect(x).to.equal(valueToReturn);\n      done();\n    })\n  });\n\n  it('reject should be called in fork with value in async fork', function(done) {\n    const valueToReturn = 'x'\n    const task = new Task((reject: any, resolve: any) => {\n      setTimeout(() => {\n        reject(valueToReturn);\n      },0)\n    })\n    task.fork((x: string) => {\n      expect(x).to.equal(valueToReturn);\n      done();\n    }, null)\n  });\n\n  it('rejected should return new Task', function() {\n    const task = Task.rejected('x')\n    expect(task,'rejected returned proper type').to.be.a('object')\n  });\n\n  it('rejectedCallback should never pick resolve parameter', function() {\n    const resolve = chai.spy();\n    const reject = chai.spy();\n    const callback = rejectedCallback('test');\n    const resultCallback = callback(reject, resolve)\n    expect(reject,'rejected returned proper type').to.have.been.called.with('test');\n  });\n\n  it('Task.rejected should allways pick the reject callback', function() {\n    const resolve = chai.spy();\n    const reject = chai.spy();\n    const RejectTask = Task.rejected('test');\n    RejectTask.fork(reject, resolve)\n    expect(reject,'rejected returned proper type').to.have.been.called.with('test');\n  });\n\n  it('Task.of should create Task', function() {\n    const resolve = chai.spy();\n    const reject = chai.spy();\n    const RejectTask = Task.of('x');\n    expect(RejectTask,'Task of is static and create typeof Task').to.be.instanceOf(Task)\n  });\n\n  it('Task.of should create Task that resolves', function() {\n    const resolve = chai.spy();\n    const reject = chai.spy();\n    const ResolvedTask = Task.of('x');\n    ResolvedTask.fork(reject, resolve);\n    expect(resolve,'Task of is static and create typeof Task').to.have.been.called.with('x')\n  });\n\n  it('Task.fork with resolving callback should call the resolve callback', function() {\n    const resolve = chai.spy();\n    const reject = chai.spy();\n    const forkCallback = (reject: any, resolve: any) => resolve('x');\n    const ResolvedTask = new Task(forkCallback);\n    ResolvedTask.fork(reject, resolve);\n    expect(resolve,'Task calls the resolve passed to the fork callback').to.have.been.called.with('x')\n  });\n\n  it('Task.fork with rejecting callback should call the reject callback', function() {\n    const resolve = chai.spy();\n    const reject = chai.spy();\n    const forkCallback = (reject: any, resolve: any) => reject('x');\n    const ResolvedTask = new Task(forkCallback);\n    ResolvedTask.fork(reject, resolve);\n    expect(reject,'Task calls the reject passed to the fork callback').to.have.been.called.with('x')\n  });\n\n  it('Task.map returns instance of Task', function() {\n    const forkCallback = (reject: any, resolve: any) => 'x';\n    const mapCallback = () => true;\n    const ResolvedTask = new Task(forkCallback);\n    const ResolvedTaskAfterMap = ResolvedTask.map(mapCallback)\n    expect(ResolvedTaskAfterMap,'Task.map creates new instance of Task').to.have.a.instanceOf(Task)\n  });\n\n  it('Task.map calls passed resolve and calls the map function', function() {\n    const resolve = chai.spy();\n    const reject = () => true;\n    const forkCallback = (reject: any, resolve: any) => resolve('x');\n    const mapCallback = chai.spy();\n    const ResolvedTask = new Task(forkCallback);\n    const ResolvedTaskAfterMap = ResolvedTask.map(mapCallback);\n    ResolvedTaskAfterMap.fork(reject, resolve)\n    expect(mapCallback,'Task.map calls the map function').to.have.been.called()\n  });\n\n  it('Task.map creates Task that calls map with resolved value', function() {\n    const resolve = chai.spy();\n    const reject = () => true;\n    const forkCallback = (reject: any, resolve: any) => resolve('x');\n    const mapCallback = chai.spy();\n    const ResolvedTask = new Task(forkCallback);\n    const ResolvedTaskAfterMap = ResolvedTask.map(mapCallback);\n    ResolvedTaskAfterMap.fork(reject, resolve)\n    expect(mapCallback,'Task.map calls the map function').to.have.been.called.with('x')\n  });\n\n  it('Task.map creates Task that calls map propagates the result from map to the outer resolve function', function() {\n    const resolve = chai.spy();\n    const reject = () => true;\n    const forkCallback = (reject: any, resolve: any) => resolve('x');\n    const mapCallback = (x: any) => x;\n    const ResolvedTask = new Task(forkCallback);\n    const ResolvedTaskAfterMap = ResolvedTask.map(mapCallback);\n    ResolvedTaskAfterMap.fork(reject, resolve)\n    expect(resolve,'Task.map propagates the value after mapp').to.have.been.called.with('x')\n  });\n\n  it('Task.app returns new Task', function() {\n    const resolve = () => true;\n    const reject = () => true;\n    const TaskToBeAppliedFrom = new Task((reject: any, resolve: any) => null)\n    const TaskToBeAppliedTo = new Task((reject: any, resolve: any) => null)\n    const TaskResultAfterAp = TaskToBeAppliedFrom.ap(TaskToBeAppliedTo)\n    expect(TaskResultAfterAp,'Task.ap creates new instance of Task').to.be.an.instanceOf(Task)\n  });\n\n  it('Task.app returns new Task and calls the resolved value as a function', function() {\n    const innerResolveCallable = chai.spy();\n    const resolveOriginal = () => innerResolveCallable;\n    const resolveFinal = () => 'x';\n    const reject = () => true;\n    const TaskToBeAppliedFrom = new Task((reject: any, resolve: any) => resolve(innerResolveCallable))\n    const TaskToBeAppliedTo = new Task((reject: any, resolve: any) => resolve('x'))\n    const TaskResultAfterAp = TaskToBeAppliedFrom.ap(TaskToBeAppliedTo)\n    TaskResultAfterAp.fork(reject, resolveFinal)\n    expect(innerResolveCallable,'resolved value from the original task called as a function').to.have.been.called()\n  });\n\n  it(\"Task.app - Task's final resolve function called\", function() {\n    const innerResolveCallable = chai.spy();\n    const resolveOriginal = () => innerResolveCallable;\n    const resolveFinal = chai.spy();\n    const reject = () => true;\n    const TaskToBeAppliedFrom = new Task((reject: any, resolve: any) => resolve(innerResolveCallable))\n    const TaskToBeAppliedTo = new Task((reject: any, resolve: any) => resolve('x'))\n    const TaskResultAfterAp = TaskToBeAppliedFrom.ap(TaskToBeAppliedTo)\n    TaskResultAfterAp.fork(reject, resolveFinal)\n    expect(resolveFinal,'resolved value from the original task called as a function').to.have.been.called()\n  });\n\n  it(\"Task.app - Final result has the specified shape\", function() {\n    const innerResolveCallable = chai.spy();\n    const resolveFirst = 'resolveFirst,'\n    const resolveSecond = (x: string) => x + 'resolveSecond,';\n    const resolveThird = (x: string) => x + 'resolveThird';\n    const expectedResult = \"resolveFirst,resolveSecond,resolveThird\"\n    const reject = () => true;\n    const TaskToBeAppliedFrom = new Task((reject: any, resolve: any) => resolve(resolveSecond))\n    const TaskToBeAppliedTo = new Task((reject: any, resolve: any) => resolve(resolveFirst))\n    const TaskResultAfterAp = TaskToBeAppliedFrom.ap(TaskToBeAppliedTo)\n    const resultFinal = TaskResultAfterAp.fork(reject, resolveThird)\n    expect(resultFinal,'final result have the expected shape').to.be.equal(expectedResult)\n  });\n\n  it(\"Task.app - chain returns new Task\", function() {\n    const originalTask = new Task((reject: any, resolve: any) => {\n      resolve(true)\n    })\n    const taskWithAppliedFn = chain(()=> true)(originalTask);\n    expect(taskWithAppliedFn).to.be.instanceOf(Task)\n  });\n\n  it(\"Task.app - chain returns Task that resolves transformed result\", function() {\n    const expectedResult = 'original transformed'\n    let finalResult = ''\n    const originalTask = new Task((reject: any, resolve: any) => {\n      resolve('original ')\n    })\n    const transformFunction = (resolved: any) => new Task((reject: any, resolve: any) => resolve(resolved + 'transformed'))\n    const taskWithAppliedFn = chain(transformFunction)(originalTask);\n    const result = taskWithAppliedFn.fork(() => true, (final: string) => finalResult = final)\n    expect(finalResult).to.be.equal(expectedResult)\n  });\n\n  it(\"Task.app - join returns Task\", function() {\n    const expected = new Task((x,y) => true);\n    const original = new Task((x,y) => true);\n    const final = original.join();\n    expect(final).to.be.instanceOf(Task)\n  });\n\n  it(\"Task.app - join forks to value from inner Task\", function() {\n    let final = '';\n    const expected = 'expected';\n    const inner = new Task((reject: any,resolve: any) => resolve(expected));\n    const original = new Task((reject: any,resolve: any) => resolve(inner));\n    const resolve = (x: string) => final = x;\n    original.join().fork(() => true, (x: any) => {\n      final = x;\n    });\n    expect(final).to.equal(expected)\n  });\n});\n"]},"_coverageSchema":"1a1c01bbd47fc00a2c39e90264f33305004495a9","hash":"81891a878791374fb8efbf09760c3f2aabe44d39","contentHash":"728c00af82bfe10b7a52abbff38cbe681c23c5bfbf2898763248cc297ee2e7a6"}}